[2019-10-20 00:28:56.848] [renderer1] [warning] UNRESPONSIVE extension host, 'esbenp.prettier-vscode' took 93% of 2193.602ms, saved PROFILE here: '/tmp/exthost-f18db9.cpuprofile' [{"id":"esbenp.prettier-vscode","total":2039964,"percentage":93},{"id":"formulahendry.auto-rename-tag","total":50615,"percentage":2},{"id":"gc","total":1041,"percentage":0},{"id":"program","total":15384,"percentage":1},{"id":"self","total":85873,"percentage":4},{"id":"WallabyJs.quokka-vscode","total":167,"percentage":0}]
[2019-10-20 00:29:05.944] [renderer1] [error] Bad progress location: workbench.view.extension.project-manager: Error: Bad progress location: workbench.view.extension.project-manager
    at Proxy.withProgress (file:///usr/share/code/resources/app/out/vs/workbench/workbench.desktop.main.js:5216:256)
    at $.t.instantiationService.createInstance.e [as withProgress] (file:///usr/share/code/resources/app/out/vs/workbench/workbench.desktop.main.js:4886:700)
    at $.getChildren (file:///usr/share/code/resources/app/out/vs/workbench/workbench.desktop.main.js:4892:195)
    at X.<anonymous> (file:///usr/share/code/resources/app/out/vs/workbench/workbench.desktop.main.js:1026:201)
    at Generator.next (<anonymous>)
    at file:///usr/share/code/resources/app/out/vs/workbench/workbench.desktop.main.js:35:566
    at new Promise (<anonymous>)
    at n (file:///usr/share/code/resources/app/out/vs/workbench/workbench.desktop.main.js:35:343)
    at a.createCancelablePromise (file:///usr/share/code/resources/app/out/vs/workbench/workbench.desktop.main.js:1026:138)
    at Object.l [as createCancelablePromise] (file:///usr/share/code/resources/app/out/vs/workbench/workbench.desktop.main.js:128:804)
    at X.doGetChildren (file:///usr/share/code/resources/app/out/vs/workbench/workbench.desktop.main.js:1026:110)
    at X.<anonymous> (file:///usr/share/code/resources/app/out/vs/workbench/workbench.desktop.main.js:1025:740)
    at Generator.next (<anonymous>)
    at file:///usr/share/code/resources/app/out/vs/workbench/workbench.desktop.main.js:35:566
    at new Promise (<anonymous>)
    at n (file:///usr/share/code/resources/app/out/vs/workbench/workbench.desktop.main.js:35:343)
    at X.doRefreshNode (file:///usr/share/code/resources/app/out/vs/workbench/workbench.desktop.main.js:1025:527)
    at X.<anonymous> (file:///usr/share/code/resources/app/out/vs/workbench/workbench.desktop.main.js:1025:385)
    at Generator.next (<anonymous>)
    at file:///usr/share/code/resources/app/out/vs/workbench/workbench.desktop.main.js:35:566
    at new Promise (<anonymous>)
    at n (file:///usr/share/code/resources/app/out/vs/workbench/workbench.desktop.main.js:35:343)
    at X.doRefreshSubTree (file:///usr/share/code/resources/app/out/vs/workbench/workbench.desktop.main.js:1025:316)
    at X.<anonymous> (file:///usr/share/code/resources/app/out/vs/workbench/workbench.desktop.main.js:1025:163)
    at Generator.next (<anonymous>)
    at file:///usr/share/code/resources/app/out/vs/workbench/workbench.desktop.main.js:35:566
    at new Promise (<anonymous>)
    at n (file:///usr/share/code/resources/app/out/vs/workbench/workbench.desktop.main.js:35:343)
    at X.refreshNode (file:///usr/share/code/resources/app/out/vs/workbench/workbench.desktop.main.js:1024:971)
    at X.<anonymous> (file:///usr/share/code/resources/app/out/vs/workbench/workbench.desktop.main.js:1024:731)
    at Generator.next (<anonymous>)
    at file:///usr/share/code/resources/app/out/vs/workbench/workbench.desktop.main.js:35:566
    at new Promise (<anonymous>)
    at n (file:///usr/share/code/resources/app/out/vs/workbench/workbench.desktop.main.js:35:343)
    at X.refreshAndRenderNode (file:///usr/share/code/resources/app/out/vs/workbench/workbench.desktop.main.js:1024:684)
    at X.<anonymous> (file:///usr/share/code/resources/app/out/vs/workbench/workbench.desktop.main.js:1022:62)
    at Generator.next (<anonymous>)
    at file:///usr/share/code/resources/app/out/vs/workbench/workbench.desktop.main.js:35:566
    at new Promise (<anonymous>)
    at n (file:///usr/share/code/resources/app/out/vs/workbench/workbench.desktop.main.js:35:343)
    at X.updateChildren (file:///usr/share/code/resources/app/out/vs/workbench/workbench.desktop.main.js:1021:821)
    at Promise.all.Array.from.map.e (file:///usr/share/code/resources/app/out/vs/workbench/workbench.desktop.main.js:4891:237)
    at Array.map (<anonymous>)
    at K.<anonymous> (file:///usr/share/code/resources/app/out/vs/workbench/workbench.desktop.main.js:4891:228)
    at Generator.next (<anonymous>)
    at file:///usr/share/code/resources/app/out/vs/workbench/workbench.desktop.main.js:35:566
    at new Promise (<anonymous>)
    at n (file:///usr/share/code/resources/app/out/vs/workbench/workbench.desktop.main.js:35:343)
    at K.doRefresh (file:///usr/share/code/resources/app/out/vs/workbench/workbench.desktop.main.js:4891:8)
    at K._register.themeService.onThemeChange (file:///usr/share/code/resources/app/out/vs/workbench/workbench.desktop.main.js:4883:747)
    at d.fire (file:///usr/share/code/resources/app/out/vs/workbench/workbench.desktop.main.js:107:468)
    at V.applyTheme (file:///usr/share/code/resources/app/out/vs/workbench/workbench.desktop.main.js:4620:610)
    at s.ensureLoaded.then.i (file:///usr/share/code/resources/app/out/vs/workbench/workbench.desktop.main.js:4619:90)
[2019-10-20 00:29:05.947] [renderer1] [error] Bad progress location: workbench.view.extension.gitlens: Error: Bad progress location: workbench.view.extension.gitlens
    at Proxy.withProgress (file:///usr/share/code/resources/app/out/vs/workbench/workbench.desktop.main.js:5216:256)
    at $.t.instantiationService.createInstance.e [as withProgress] (file:///usr/share/code/resources/app/out/vs/workbench/workbench.desktop.main.js:4886:700)
    at $.getChildren (file:///usr/share/code/resources/app/out/vs/workbench/workbench.desktop.main.js:4892:195)
    at X.<anonymous> (file:///usr/share/code/resources/app/out/vs/workbench/workbench.desktop.main.js:1026:201)
    at Generator.next (<anonymous>)
    at file:///usr/share/code/resources/app/out/vs/workbench/workbench.desktop.main.js:35:566
    at new Promise (<anonymous>)
    at n (file:///usr/share/code/resources/app/out/vs/workbench/workbench.desktop.main.js:35:343)
    at a.createCancelablePromise (file:///usr/share/code/resources/app/out/vs/workbench/workbench.desktop.main.js:1026:138)
    at Object.l [as createCancelablePromise] (file:///usr/share/code/resources/app/out/vs/workbench/workbench.desktop.main.js:128:804)
    at X.doGetChildren (file:///usr/share/code/resources/app/out/vs/workbench/workbench.desktop.main.js:1026:110)
    at X.<anonymous> (file:///usr/share/code/resources/app/out/vs/workbench/workbench.desktop.main.js:1025:740)
    at Generator.next (<anonymous>)
    at file:///usr/share/code/resources/app/out/vs/workbench/workbench.desktop.main.js:35:566
    at new Promise (<anonymous>)
    at n (file:///usr/share/code/resources/app/out/vs/workbench/workbench.desktop.main.js:35:343)
    at X.doRefreshNode (file:///usr/share/code/resources/app/out/vs/workbench/workbench.desktop.main.js:1025:527)
    at X.<anonymous> (file:///usr/share/code/resources/app/out/vs/workbench/workbench.desktop.main.js:1025:385)
    at Generator.next (<anonymous>)
    at file:///usr/share/code/resources/app/out/vs/workbench/workbench.desktop.main.js:35:566
    at new Promise (<anonymous>)
    at n (file:///usr/share/code/resources/app/out/vs/workbench/workbench.desktop.main.js:35:343)
    at X.doRefreshSubTree (file:///usr/share/code/resources/app/out/vs/workbench/workbench.desktop.main.js:1025:316)
    at X.<anonymous> (file:///usr/share/code/resources/app/out/vs/workbench/workbench.desktop.main.js:1025:163)
    at Generator.next (<anonymous>)
    at file:///usr/share/code/resources/app/out/vs/workbench/workbench.desktop.main.js:35:566
    at new Promise (<anonymous>)
    at n (file:///usr/share/code/resources/app/out/vs/workbench/workbench.desktop.main.js:35:343)
    at X.refreshNode (file:///usr/share/code/resources/app/out/vs/workbench/workbench.desktop.main.js:1024:971)
    at X.<anonymous> (file:///usr/share/code/resources/app/out/vs/workbench/workbench.desktop.main.js:1024:731)
    at Generator.next (<anonymous>)
    at file:///usr/share/code/resources/app/out/vs/workbench/workbench.desktop.main.js:35:566
    at new Promise (<anonymous>)
    at n (file:///usr/share/code/resources/app/out/vs/workbench/workbench.desktop.main.js:35:343)
    at X.refreshAndRenderNode (file:///usr/share/code/resources/app/out/vs/workbench/workbench.desktop.main.js:1024:684)
    at X.<anonymous> (file:///usr/share/code/resources/app/out/vs/workbench/workbench.desktop.main.js:1022:62)
    at Generator.next (<anonymous>)
    at file:///usr/share/code/resources/app/out/vs/workbench/workbench.desktop.main.js:35:566
    at new Promise (<anonymous>)
    at n (file:///usr/share/code/resources/app/out/vs/workbench/workbench.desktop.main.js:35:343)
    at X.updateChildren (file:///usr/share/code/resources/app/out/vs/workbench/workbench.desktop.main.js:1021:821)
    at Promise.all.Array.from.map.e (file:///usr/share/code/resources/app/out/vs/workbench/workbench.desktop.main.js:4891:237)
    at Array.map (<anonymous>)
    at K.<anonymous> (file:///usr/share/code/resources/app/out/vs/workbench/workbench.desktop.main.js:4891:228)
    at Generator.next (<anonymous>)
    at file:///usr/share/code/resources/app/out/vs/workbench/workbench.desktop.main.js:35:566
    at new Promise (<anonymous>)
    at n (file:///usr/share/code/resources/app/out/vs/workbench/workbench.desktop.main.js:35:343)
    at K.doRefresh (file:///usr/share/code/resources/app/out/vs/workbench/workbench.desktop.main.js:4891:8)
    at K._register.themeService.onThemeChange (file:///usr/share/code/resources/app/out/vs/workbench/workbench.desktop.main.js:4883:747)
    at d.fire (file:///usr/share/code/resources/app/out/vs/workbench/workbench.desktop.main.js:107:468)
    at V.applyTheme (file:///usr/share/code/resources/app/out/vs/workbench/workbench.desktop.main.js:4620:610)
    at s.ensureLoaded.then.i (file:///usr/share/code/resources/app/out/vs/workbench/workbench.desktop.main.js:4619:90)
[2019-10-20 00:29:05.948] [renderer1] [error] Bad progress location: workbench.view.extension.wallaby: Error: Bad progress location: workbench.view.extension.wallaby
    at Proxy.withProgress (file:///usr/share/code/resources/app/out/vs/workbench/workbench.desktop.main.js:5216:256)
    at $.t.instantiationService.createInstance.e [as withProgress] (file:///usr/share/code/resources/app/out/vs/workbench/workbench.desktop.main.js:4886:700)
    at $.getChildren (file:///usr/share/code/resources/app/out/vs/workbench/workbench.desktop.main.js:4892:195)
    at X.<anonymous> (file:///usr/share/code/resources/app/out/vs/workbench/workbench.desktop.main.js:1026:201)
    at Generator.next (<anonymous>)
    at file:///usr/share/code/resources/app/out/vs/workbench/workbench.desktop.main.js:35:566
    at new Promise (<anonymous>)
    at n (file:///usr/share/code/resources/app/out/vs/workbench/workbench.desktop.main.js:35:343)
    at a.createCancelablePromise (file:///usr/share/code/resources/app/out/vs/workbench/workbench.desktop.main.js:1026:138)
    at Object.l [as createCancelablePromise] (file:///usr/share/code/resources/app/out/vs/workbench/workbench.desktop.main.js:128:804)
    at X.doGetChildren (file:///usr/share/code/resources/app/out/vs/workbench/workbench.desktop.main.js:1026:110)
    at X.<anonymous> (file:///usr/share/code/resources/app/out/vs/workbench/workbench.desktop.main.js:1025:740)
    at Generator.next (<anonymous>)
    at file:///usr/share/code/resources/app/out/vs/workbench/workbench.desktop.main.js:35:566
    at new Promise (<anonymous>)
    at n (file:///usr/share/code/resources/app/out/vs/workbench/workbench.desktop.main.js:35:343)
    at X.doRefreshNode (file:///usr/share/code/resources/app/out/vs/workbench/workbench.desktop.main.js:1025:527)
    at X.<anonymous> (file:///usr/share/code/resources/app/out/vs/workbench/workbench.desktop.main.js:1025:385)
    at Generator.next (<anonymous>)
    at file:///usr/share/code/resources/app/out/vs/workbench/workbench.desktop.main.js:35:566
    at new Promise (<anonymous>)
    at n (file:///usr/share/code/resources/app/out/vs/workbench/workbench.desktop.main.js:35:343)
    at X.doRefreshSubTree (file:///usr/share/code/resources/app/out/vs/workbench/workbench.desktop.main.js:1025:316)
    at X.<anonymous> (file:///usr/share/code/resources/app/out/vs/workbench/workbench.desktop.main.js:1025:163)
    at Generator.next (<anonymous>)
    at file:///usr/share/code/resources/app/out/vs/workbench/workbench.desktop.main.js:35:566
    at new Promise (<anonymous>)
    at n (file:///usr/share/code/resources/app/out/vs/workbench/workbench.desktop.main.js:35:343)
    at X.refreshNode (file:///usr/share/code/resources/app/out/vs/workbench/workbench.desktop.main.js:1024:971)
    at X.<anonymous> (file:///usr/share/code/resources/app/out/vs/workbench/workbench.desktop.main.js:1024:731)
    at Generator.next (<anonymous>)
    at file:///usr/share/code/resources/app/out/vs/workbench/workbench.desktop.main.js:35:566
    at new Promise (<anonymous>)
    at n (file:///usr/share/code/resources/app/out/vs/workbench/workbench.desktop.main.js:35:343)
    at X.refreshAndRenderNode (file:///usr/share/code/resources/app/out/vs/workbench/workbench.desktop.main.js:1024:684)
    at X.<anonymous> (file:///usr/share/code/resources/app/out/vs/workbench/workbench.desktop.main.js:1022:62)
    at Generator.next (<anonymous>)
    at file:///usr/share/code/resources/app/out/vs/workbench/workbench.desktop.main.js:35:566
    at new Promise (<anonymous>)
    at n (file:///usr/share/code/resources/app/out/vs/workbench/workbench.desktop.main.js:35:343)
    at X.updateChildren (file:///usr/share/code/resources/app/out/vs/workbench/workbench.desktop.main.js:1021:821)
    at Promise.all.Array.from.map.e (file:///usr/share/code/resources/app/out/vs/workbench/workbench.desktop.main.js:4891:237)
    at Array.map (<anonymous>)
    at K.<anonymous> (file:///usr/share/code/resources/app/out/vs/workbench/workbench.desktop.main.js:4891:228)
    at Generator.next (<anonymous>)
    at file:///usr/share/code/resources/app/out/vs/workbench/workbench.desktop.main.js:35:566
    at new Promise (<anonymous>)
    at n (file:///usr/share/code/resources/app/out/vs/workbench/workbench.desktop.main.js:35:343)
    at K.doRefresh (file:///usr/share/code/resources/app/out/vs/workbench/workbench.desktop.main.js:4891:8)
    at K._register.themeService.onThemeChange (file:///usr/share/code/resources/app/out/vs/workbench/workbench.desktop.main.js:4883:747)
    at d.fire (file:///usr/share/code/resources/app/out/vs/workbench/workbench.desktop.main.js:107:468)
    at V.applyTheme (file:///usr/share/code/resources/app/out/vs/workbench/workbench.desktop.main.js:4620:610)
    at s.ensureLoaded.then.i (file:///usr/share/code/resources/app/out/vs/workbench/workbench.desktop.main.js:4619:90)
[2019-10-20 00:29:06.420] [renderer1] [error] Bad progress location: workbench.view.extension.project-manager: Error: Bad progress location: workbench.view.extension.project-manager
    at Proxy.withProgress (file:///usr/share/code/resources/app/out/vs/workbench/workbench.desktop.main.js:5216:256)
    at $.t.instantiationService.createInstance.e [as withProgress] (file:///usr/share/code/resources/app/out/vs/workbench/workbench.desktop.main.js:4886:700)
    at $.getChildren (file:///usr/share/code/resources/app/out/vs/workbench/workbench.desktop.main.js:4892:195)
    at X.<anonymous> (file:///usr/share/code/resources/app/out/vs/workbench/workbench.desktop.main.js:1026:201)
    at Generator.next (<anonymous>)
    at file:///usr/share/code/resources/app/out/vs/workbench/workbench.desktop.main.js:35:566
    at new Promise (<anonymous>)
    at n (file:///usr/share/code/resources/app/out/vs/workbench/workbench.desktop.main.js:35:343)
    at a.createCancelablePromise (file:///usr/share/code/resources/app/out/vs/workbench/workbench.desktop.main.js:1026:138)
    at Object.l [as createCancelablePromise] (file:///usr/share/code/resources/app/out/vs/workbench/workbench.desktop.main.js:128:804)
    at X.doGetChildren (file:///usr/share/code/resources/app/out/vs/workbench/workbench.desktop.main.js:1026:110)
    at X.<anonymous> (file:///usr/share/code/resources/app/out/vs/workbench/workbench.desktop.main.js:1025:740)
    at Generator.next (<anonymous>)
    at file:///usr/share/code/resources/app/out/vs/workbench/workbench.desktop.main.js:35:566
    at new Promise (<anonymous>)
    at n (file:///usr/share/code/resources/app/out/vs/workbench/workbench.desktop.main.js:35:343)
    at X.doRefreshNode (file:///usr/share/code/resources/app/out/vs/workbench/workbench.desktop.main.js:1025:527)
    at X.<anonymous> (file:///usr/share/code/resources/app/out/vs/workbench/workbench.desktop.main.js:1025:385)
    at Generator.next (<anonymous>)
    at file:///usr/share/code/resources/app/out/vs/workbench/workbench.desktop.main.js:35:566
    at new Promise (<anonymous>)
    at n (file:///usr/share/code/resources/app/out/vs/workbench/workbench.desktop.main.js:35:343)
    at X.doRefreshSubTree (file:///usr/share/code/resources/app/out/vs/workbench/workbench.desktop.main.js:1025:316)
    at X.<anonymous> (file:///usr/share/code/resources/app/out/vs/workbench/workbench.desktop.main.js:1025:163)
    at Generator.next (<anonymous>)
    at file:///usr/share/code/resources/app/out/vs/workbench/workbench.desktop.main.js:35:566
    at new Promise (<anonymous>)
    at n (file:///usr/share/code/resources/app/out/vs/workbench/workbench.desktop.main.js:35:343)
    at X.refreshNode (file:///usr/share/code/resources/app/out/vs/workbench/workbench.desktop.main.js:1024:971)
    at X.<anonymous> (file:///usr/share/code/resources/app/out/vs/workbench/workbench.desktop.main.js:1024:731)
    at Generator.next (<anonymous>)
    at file:///usr/share/code/resources/app/out/vs/workbench/workbench.desktop.main.js:35:566
    at new Promise (<anonymous>)
    at n (file:///usr/share/code/resources/app/out/vs/workbench/workbench.desktop.main.js:35:343)
    at X.refreshAndRenderNode (file:///usr/share/code/resources/app/out/vs/workbench/workbench.desktop.main.js:1024:684)
    at X.<anonymous> (file:///usr/share/code/resources/app/out/vs/workbench/workbench.desktop.main.js:1022:62)
    at Generator.next (<anonymous>)
    at file:///usr/share/code/resources/app/out/vs/workbench/workbench.desktop.main.js:35:566
    at new Promise (<anonymous>)
    at n (file:///usr/share/code/resources/app/out/vs/workbench/workbench.desktop.main.js:35:343)
    at X.updateChildren (file:///usr/share/code/resources/app/out/vs/workbench/workbench.desktop.main.js:1021:821)
    at Promise.all.Array.from.map.e (file:///usr/share/code/resources/app/out/vs/workbench/workbench.desktop.main.js:4891:237)
    at Array.map (<anonymous>)
    at K.<anonymous> (file:///usr/share/code/resources/app/out/vs/workbench/workbench.desktop.main.js:4891:228)
    at Generator.next (<anonymous>)
    at file:///usr/share/code/resources/app/out/vs/workbench/workbench.desktop.main.js:35:566
    at new Promise (<anonymous>)
    at n (file:///usr/share/code/resources/app/out/vs/workbench/workbench.desktop.main.js:35:343)
    at K.doRefresh (file:///usr/share/code/resources/app/out/vs/workbench/workbench.desktop.main.js:4891:8)
    at K._register.themeService.onThemeChange (file:///usr/share/code/resources/app/out/vs/workbench/workbench.desktop.main.js:4883:747)
    at d.fire (file:///usr/share/code/resources/app/out/vs/workbench/workbench.desktop.main.js:107:468)
    at V.applyTheme (file:///usr/share/code/resources/app/out/vs/workbench/workbench.desktop.main.js:4620:610)
    at s.ensureLoaded.then.i (file:///usr/share/code/resources/app/out/vs/workbench/workbench.desktop.main.js:4619:90)
[2019-10-20 00:29:06.423] [renderer1] [error] Bad progress location: workbench.view.extension.gitlens: Error: Bad progress location: workbench.view.extension.gitlens
    at Proxy.withProgress (file:///usr/share/code/resources/app/out/vs/workbench/workbench.desktop.main.js:5216:256)
    at $.t.instantiationService.createInstance.e [as withProgress] (file:///usr/share/code/resources/app/out/vs/workbench/workbench.desktop.main.js:4886:700)
    at $.getChildren (file:///usr/share/code/resources/app/out/vs/workbench/workbench.desktop.main.js:4892:195)
    at X.<anonymous> (file:///usr/share/code/resources/app/out/vs/workbench/workbench.desktop.main.js:1026:201)
    at Generator.next (<anonymous>)
    at file:///usr/share/code/resources/app/out/vs/workbench/workbench.desktop.main.js:35:566
    at new Promise (<anonymous>)
    at n (file:///usr/share/code/resources/app/out/vs/workbench/workbench.desktop.main.js:35:343)
    at a.createCancelablePromise (file:///usr/share/code/resources/app/out/vs/workbench/workbench.desktop.main.js:1026:138)
    at Object.l [as createCancelablePromise] (file:///usr/share/code/resources/app/out/vs/workbench/workbench.desktop.main.js:128:804)
    at X.doGetChildren (file:///usr/share/code/resources/app/out/vs/workbench/workbench.desktop.main.js:1026:110)
    at X.<anonymous> (file:///usr/share/code/resources/app/out/vs/workbench/workbench.desktop.main.js:1025:740)
    at Generator.next (<anonymous>)
    at file:///usr/share/code/resources/app/out/vs/workbench/workbench.desktop.main.js:35:566
    at new Promise (<anonymous>)
    at n (file:///usr/share/code/resources/app/out/vs/workbench/workbench.desktop.main.js:35:343)
    at X.doRefreshNode (file:///usr/share/code/resources/app/out/vs/workbench/workbench.desktop.main.js:1025:527)
    at X.<anonymous> (file:///usr/share/code/resources/app/out/vs/workbench/workbench.desktop.main.js:1025:385)
    at Generator.next (<anonymous>)
    at file:///usr/share/code/resources/app/out/vs/workbench/workbench.desktop.main.js:35:566
    at new Promise (<anonymous>)
    at n (file:///usr/share/code/resources/app/out/vs/workbench/workbench.desktop.main.js:35:343)
    at X.doRefreshSubTree (file:///usr/share/code/resources/app/out/vs/workbench/workbench.desktop.main.js:1025:316)
    at X.<anonymous> (file:///usr/share/code/resources/app/out/vs/workbench/workbench.desktop.main.js:1025:163)
    at Generator.next (<anonymous>)
    at file:///usr/share/code/resources/app/out/vs/workbench/workbench.desktop.main.js:35:566
    at new Promise (<anonymous>)
    at n (file:///usr/share/code/resources/app/out/vs/workbench/workbench.desktop.main.js:35:343)
    at X.refreshNode (file:///usr/share/code/resources/app/out/vs/workbench/workbench.desktop.main.js:1024:971)
    at X.<anonymous> (file:///usr/share/code/resources/app/out/vs/workbench/workbench.desktop.main.js:1024:731)
    at Generator.next (<anonymous>)
    at file:///usr/share/code/resources/app/out/vs/workbench/workbench.desktop.main.js:35:566
    at new Promise (<anonymous>)
    at n (file:///usr/share/code/resources/app/out/vs/workbench/workbench.desktop.main.js:35:343)
    at X.refreshAndRenderNode (file:///usr/share/code/resources/app/out/vs/workbench/workbench.desktop.main.js:1024:684)
    at X.<anonymous> (file:///usr/share/code/resources/app/out/vs/workbench/workbench.desktop.main.js:1022:62)
    at Generator.next (<anonymous>)
    at file:///usr/share/code/resources/app/out/vs/workbench/workbench.desktop.main.js:35:566
    at new Promise (<anonymous>)
    at n (file:///usr/share/code/resources/app/out/vs/workbench/workbench.desktop.main.js:35:343)
    at X.updateChildren (file:///usr/share/code/resources/app/out/vs/workbench/workbench.desktop.main.js:1021:821)
    at Promise.all.Array.from.map.e (file:///usr/share/code/resources/app/out/vs/workbench/workbench.desktop.main.js:4891:237)
    at Array.map (<anonymous>)
    at K.<anonymous> (file:///usr/share/code/resources/app/out/vs/workbench/workbench.desktop.main.js:4891:228)
    at Generator.next (<anonymous>)
    at file:///usr/share/code/resources/app/out/vs/workbench/workbench.desktop.main.js:35:566
    at new Promise (<anonymous>)
    at n (file:///usr/share/code/resources/app/out/vs/workbench/workbench.desktop.main.js:35:343)
    at K.doRefresh (file:///usr/share/code/resources/app/out/vs/workbench/workbench.desktop.main.js:4891:8)
    at K._register.themeService.onThemeChange (file:///usr/share/code/resources/app/out/vs/workbench/workbench.desktop.main.js:4883:747)
    at d.fire (file:///usr/share/code/resources/app/out/vs/workbench/workbench.desktop.main.js:107:468)
    at V.applyTheme (file:///usr/share/code/resources/app/out/vs/workbench/workbench.desktop.main.js:4620:610)
    at s.ensureLoaded.then.i (file:///usr/share/code/resources/app/out/vs/workbench/workbench.desktop.main.js:4619:90)
[2019-10-20 00:29:06.426] [renderer1] [error] Bad progress location: workbench.view.extension.wallaby: Error: Bad progress location: workbench.view.extension.wallaby
    at Proxy.withProgress (file:///usr/share/code/resources/app/out/vs/workbench/workbench.desktop.main.js:5216:256)
    at $.t.instantiationService.createInstance.e [as withProgress] (file:///usr/share/code/resources/app/out/vs/workbench/workbench.desktop.main.js:4886:700)
    at $.getChildren (file:///usr/share/code/resources/app/out/vs/workbench/workbench.desktop.main.js:4892:195)
    at X.<anonymous> (file:///usr/share/code/resources/app/out/vs/workbench/workbench.desktop.main.js:1026:201)
    at Generator.next (<anonymous>)
    at file:///usr/share/code/resources/app/out/vs/workbench/workbench.desktop.main.js:35:566
    at new Promise (<anonymous>)
    at n (file:///usr/share/code/resources/app/out/vs/workbench/workbench.desktop.main.js:35:343)
    at a.createCancelablePromise (file:///usr/share/code/resources/app/out/vs/workbench/workbench.desktop.main.js:1026:138)
    at Object.l [as createCancelablePromise] (file:///usr/share/code/resources/app/out/vs/workbench/workbench.desktop.main.js:128:804)
    at X.doGetChildren (file:///usr/share/code/resources/app/out/vs/workbench/workbench.desktop.main.js:1026:110)
    at X.<anonymous> (file:///usr/share/code/resources/app/out/vs/workbench/workbench.desktop.main.js:1025:740)
    at Generator.next (<anonymous>)
    at file:///usr/share/code/resources/app/out/vs/workbench/workbench.desktop.main.js:35:566
    at new Promise (<anonymous>)
    at n (file:///usr/share/code/resources/app/out/vs/workbench/workbench.desktop.main.js:35:343)
    at X.doRefreshNode (file:///usr/share/code/resources/app/out/vs/workbench/workbench.desktop.main.js:1025:527)
    at X.<anonymous> (file:///usr/share/code/resources/app/out/vs/workbench/workbench.desktop.main.js:1025:385)
    at Generator.next (<anonymous>)
    at file:///usr/share/code/resources/app/out/vs/workbench/workbench.desktop.main.js:35:566
    at new Promise (<anonymous>)
    at n (file:///usr/share/code/resources/app/out/vs/workbench/workbench.desktop.main.js:35:343)
    at X.doRefreshSubTree (file:///usr/share/code/resources/app/out/vs/workbench/workbench.desktop.main.js:1025:316)
    at X.<anonymous> (file:///usr/share/code/resources/app/out/vs/workbench/workbench.desktop.main.js:1025:163)
    at Generator.next (<anonymous>)
    at file:///usr/share/code/resources/app/out/vs/workbench/workbench.desktop.main.js:35:566
    at new Promise (<anonymous>)
    at n (file:///usr/share/code/resources/app/out/vs/workbench/workbench.desktop.main.js:35:343)
    at X.refreshNode (file:///usr/share/code/resources/app/out/vs/workbench/workbench.desktop.main.js:1024:971)
    at X.<anonymous> (file:///usr/share/code/resources/app/out/vs/workbench/workbench.desktop.main.js:1024:731)
    at Generator.next (<anonymous>)
    at file:///usr/share/code/resources/app/out/vs/workbench/workbench.desktop.main.js:35:566
    at new Promise (<anonymous>)
    at n (file:///usr/share/code/resources/app/out/vs/workbench/workbench.desktop.main.js:35:343)
    at X.refreshAndRenderNode (file:///usr/share/code/resources/app/out/vs/workbench/workbench.desktop.main.js:1024:684)
    at X.<anonymous> (file:///usr/share/code/resources/app/out/vs/workbench/workbench.desktop.main.js:1022:62)
    at Generator.next (<anonymous>)
    at file:///usr/share/code/resources/app/out/vs/workbench/workbench.desktop.main.js:35:566
    at new Promise (<anonymous>)
    at n (file:///usr/share/code/resources/app/out/vs/workbench/workbench.desktop.main.js:35:343)
    at X.updateChildren (file:///usr/share/code/resources/app/out/vs/workbench/workbench.desktop.main.js:1021:821)
    at Promise.all.Array.from.map.e (file:///usr/share/code/resources/app/out/vs/workbench/workbench.desktop.main.js:4891:237)
    at Array.map (<anonymous>)
    at K.<anonymous> (file:///usr/share/code/resources/app/out/vs/workbench/workbench.desktop.main.js:4891:228)
    at Generator.next (<anonymous>)
    at file:///usr/share/code/resources/app/out/vs/workbench/workbench.desktop.main.js:35:566
    at new Promise (<anonymous>)
    at n (file:///usr/share/code/resources/app/out/vs/workbench/workbench.desktop.main.js:35:343)
    at K.doRefresh (file:///usr/share/code/resources/app/out/vs/workbench/workbench.desktop.main.js:4891:8)
    at K._register.themeService.onThemeChange (file:///usr/share/code/resources/app/out/vs/workbench/workbench.desktop.main.js:4883:747)
    at d.fire (file:///usr/share/code/resources/app/out/vs/workbench/workbench.desktop.main.js:107:468)
    at V.applyTheme (file:///usr/share/code/resources/app/out/vs/workbench/workbench.desktop.main.js:4620:610)
    at s.ensureLoaded.then.i (file:///usr/share/code/resources/app/out/vs/workbench/workbench.desktop.main.js:4619:90)
[2019-10-20 00:29:06.517] [renderer1] [error] Bad progress location: workbench.view.extension.project-manager: Error: Bad progress location: workbench.view.extension.project-manager
    at Proxy.withProgress (file:///usr/share/code/resources/app/out/vs/workbench/workbench.desktop.main.js:5216:256)
    at $.t.instantiationService.createInstance.e [as withProgress] (file:///usr/share/code/resources/app/out/vs/workbench/workbench.desktop.main.js:4886:700)
    at $.getChildren (file:///usr/share/code/resources/app/out/vs/workbench/workbench.desktop.main.js:4892:195)
    at X.<anonymous> (file:///usr/share/code/resources/app/out/vs/workbench/workbench.desktop.main.js:1026:201)
    at Generator.next (<anonymous>)
    at file:///usr/share/code/resources/app/out/vs/workbench/workbench.desktop.main.js:35:566
    at new Promise (<anonymous>)
    at n (file:///usr/share/code/resources/app/out/vs/workbench/workbench.desktop.main.js:35:343)
    at a.createCancelablePromise (file:///usr/share/code/resources/app/out/vs/workbench/workbench.desktop.main.js:1026:138)
    at Object.l [as createCancelablePromise] (file:///usr/share/code/resources/app/out/vs/workbench/workbench.desktop.main.js:128:804)
    at X.doGetChildren (file:///usr/share/code/resources/app/out/vs/workbench/workbench.desktop.main.js:1026:110)
    at X.<anonymous> (file:///usr/share/code/resources/app/out/vs/workbench/workbench.desktop.main.js:1025:740)
    at Generator.next (<anonymous>)
    at file:///usr/share/code/resources/app/out/vs/workbench/workbench.desktop.main.js:35:566
    at new Promise (<anonymous>)
    at n (file:///usr/share/code/resources/app/out/vs/workbench/workbench.desktop.main.js:35:343)
    at X.doRefreshNode (file:///usr/share/code/resources/app/out/vs/workbench/workbench.desktop.main.js:1025:527)
    at X.<anonymous> (file:///usr/share/code/resources/app/out/vs/workbench/workbench.desktop.main.js:1025:385)
    at Generator.next (<anonymous>)
    at file:///usr/share/code/resources/app/out/vs/workbench/workbench.desktop.main.js:35:566
    at new Promise (<anonymous>)
    at n (file:///usr/share/code/resources/app/out/vs/workbench/workbench.desktop.main.js:35:343)
    at X.doRefreshSubTree (file:///usr/share/code/resources/app/out/vs/workbench/workbench.desktop.main.js:1025:316)
    at X.<anonymous> (file:///usr/share/code/resources/app/out/vs/workbench/workbench.desktop.main.js:1025:163)
    at Generator.next (<anonymous>)
    at file:///usr/share/code/resources/app/out/vs/workbench/workbench.desktop.main.js:35:566
    at new Promise (<anonymous>)
    at n (file:///usr/share/code/resources/app/out/vs/workbench/workbench.desktop.main.js:35:343)
    at X.refreshNode (file:///usr/share/code/resources/app/out/vs/workbench/workbench.desktop.main.js:1024:971)
    at X.<anonymous> (file:///usr/share/code/resources/app/out/vs/workbench/workbench.desktop.main.js:1024:731)
    at Generator.next (<anonymous>)
    at file:///usr/share/code/resources/app/out/vs/workbench/workbench.desktop.main.js:35:566
    at new Promise (<anonymous>)
    at n (file:///usr/share/code/resources/app/out/vs/workbench/workbench.desktop.main.js:35:343)
    at X.refreshAndRenderNode (file:///usr/share/code/resources/app/out/vs/workbench/workbench.desktop.main.js:1024:684)
    at X.<anonymous> (file:///usr/share/code/resources/app/out/vs/workbench/workbench.desktop.main.js:1022:62)
    at Generator.next (<anonymous>)
    at file:///usr/share/code/resources/app/out/vs/workbench/workbench.desktop.main.js:35:566
    at new Promise (<anonymous>)
    at n (file:///usr/share/code/resources/app/out/vs/workbench/workbench.desktop.main.js:35:343)
    at X.updateChildren (file:///usr/share/code/resources/app/out/vs/workbench/workbench.desktop.main.js:1021:821)
    at Promise.all.Array.from.map.e (file:///usr/share/code/resources/app/out/vs/workbench/workbench.desktop.main.js:4891:237)
    at Array.map (<anonymous>)
    at K.<anonymous> (file:///usr/share/code/resources/app/out/vs/workbench/workbench.desktop.main.js:4891:228)
    at Generator.next (<anonymous>)
    at file:///usr/share/code/resources/app/out/vs/workbench/workbench.desktop.main.js:35:566
    at new Promise (<anonymous>)
    at n (file:///usr/share/code/resources/app/out/vs/workbench/workbench.desktop.main.js:35:343)
    at K.doRefresh (file:///usr/share/code/resources/app/out/vs/workbench/workbench.desktop.main.js:4891:8)
    at K._register.themeService.onThemeChange (file:///usr/share/code/resources/app/out/vs/workbench/workbench.desktop.main.js:4883:747)
    at d.fire (file:///usr/share/code/resources/app/out/vs/workbench/workbench.desktop.main.js:107:468)
    at V.applyTheme (file:///usr/share/code/resources/app/out/vs/workbench/workbench.desktop.main.js:4620:610)
    at s.ensureLoaded.then.i (file:///usr/share/code/resources/app/out/vs/workbench/workbench.desktop.main.js:4619:90)
[2019-10-20 00:29:06.520] [renderer1] [error] Bad progress location: workbench.view.extension.gitlens: Error: Bad progress location: workbench.view.extension.gitlens
    at Proxy.withProgress (file:///usr/share/code/resources/app/out/vs/workbench/workbench.desktop.main.js:5216:256)
    at $.t.instantiationService.createInstance.e [as withProgress] (file:///usr/share/code/resources/app/out/vs/workbench/workbench.desktop.main.js:4886:700)
    at $.getChildren (file:///usr/share/code/resources/app/out/vs/workbench/workbench.desktop.main.js:4892:195)
    at X.<anonymous> (file:///usr/share/code/resources/app/out/vs/workbench/workbench.desktop.main.js:1026:201)
    at Generator.next (<anonymous>)
    at file:///usr/share/code/resources/app/out/vs/workbench/workbench.desktop.main.js:35:566
    at new Promise (<anonymous>)
    at n (file:///usr/share/code/resources/app/out/vs/workbench/workbench.desktop.main.js:35:343)
    at a.createCancelablePromise (file:///usr/share/code/resources/app/out/vs/workbench/workbench.desktop.main.js:1026:138)
    at Object.l [as createCancelablePromise] (file:///usr/share/code/resources/app/out/vs/workbench/workbench.desktop.main.js:128:804)
    at X.doGetChildren (file:///usr/share/code/resources/app/out/vs/workbench/workbench.desktop.main.js:1026:110)
    at X.<anonymous> (file:///usr/share/code/resources/app/out/vs/workbench/workbench.desktop.main.js:1025:740)
    at Generator.next (<anonymous>)
    at file:///usr/share/code/resources/app/out/vs/workbench/workbench.desktop.main.js:35:566
    at new Promise (<anonymous>)
    at n (file:///usr/share/code/resources/app/out/vs/workbench/workbench.desktop.main.js:35:343)
    at X.doRefreshNode (file:///usr/share/code/resources/app/out/vs/workbench/workbench.desktop.main.js:1025:527)
    at X.<anonymous> (file:///usr/share/code/resources/app/out/vs/workbench/workbench.desktop.main.js:1025:385)
    at Generator.next (<anonymous>)
    at file:///usr/share/code/resources/app/out/vs/workbench/workbench.desktop.main.js:35:566
    at new Promise (<anonymous>)
    at n (file:///usr/share/code/resources/app/out/vs/workbench/workbench.desktop.main.js:35:343)
    at X.doRefreshSubTree (file:///usr/share/code/resources/app/out/vs/workbench/workbench.desktop.main.js:1025:316)
    at X.<anonymous> (file:///usr/share/code/resources/app/out/vs/workbench/workbench.desktop.main.js:1025:163)
    at Generator.next (<anonymous>)
    at file:///usr/share/code/resources/app/out/vs/workbench/workbench.desktop.main.js:35:566
    at new Promise (<anonymous>)
    at n (file:///usr/share/code/resources/app/out/vs/workbench/workbench.desktop.main.js:35:343)
    at X.refreshNode (file:///usr/share/code/resources/app/out/vs/workbench/workbench.desktop.main.js:1024:971)
    at X.<anonymous> (file:///usr/share/code/resources/app/out/vs/workbench/workbench.desktop.main.js:1024:731)
    at Generator.next (<anonymous>)
    at file:///usr/share/code/resources/app/out/vs/workbench/workbench.desktop.main.js:35:566
    at new Promise (<anonymous>)
    at n (file:///usr/share/code/resources/app/out/vs/workbench/workbench.desktop.main.js:35:343)
    at X.refreshAndRenderNode (file:///usr/share/code/resources/app/out/vs/workbench/workbench.desktop.main.js:1024:684)
    at X.<anonymous> (file:///usr/share/code/resources/app/out/vs/workbench/workbench.desktop.main.js:1022:62)
    at Generator.next (<anonymous>)
    at file:///usr/share/code/resources/app/out/vs/workbench/workbench.desktop.main.js:35:566
    at new Promise (<anonymous>)
    at n (file:///usr/share/code/resources/app/out/vs/workbench/workbench.desktop.main.js:35:343)
    at X.updateChildren (file:///usr/share/code/resources/app/out/vs/workbench/workbench.desktop.main.js:1021:821)
    at Promise.all.Array.from.map.e (file:///usr/share/code/resources/app/out/vs/workbench/workbench.desktop.main.js:4891:237)
    at Array.map (<anonymous>)
    at K.<anonymous> (file:///usr/share/code/resources/app/out/vs/workbench/workbench.desktop.main.js:4891:228)
    at Generator.next (<anonymous>)
    at file:///usr/share/code/resources/app/out/vs/workbench/workbench.desktop.main.js:35:566
    at new Promise (<anonymous>)
    at n (file:///usr/share/code/resources/app/out/vs/workbench/workbench.desktop.main.js:35:343)
    at K.doRefresh (file:///usr/share/code/resources/app/out/vs/workbench/workbench.desktop.main.js:4891:8)
    at K._register.themeService.onThemeChange (file:///usr/share/code/resources/app/out/vs/workbench/workbench.desktop.main.js:4883:747)
    at d.fire (file:///usr/share/code/resources/app/out/vs/workbench/workbench.desktop.main.js:107:468)
    at V.applyTheme (file:///usr/share/code/resources/app/out/vs/workbench/workbench.desktop.main.js:4620:610)
    at s.ensureLoaded.then.i (file:///usr/share/code/resources/app/out/vs/workbench/workbench.desktop.main.js:4619:90)
[2019-10-20 00:29:06.522] [renderer1] [error] Bad progress location: workbench.view.extension.wallaby: Error: Bad progress location: workbench.view.extension.wallaby
    at Proxy.withProgress (file:///usr/share/code/resources/app/out/vs/workbench/workbench.desktop.main.js:5216:256)
    at $.t.instantiationService.createInstance.e [as withProgress] (file:///usr/share/code/resources/app/out/vs/workbench/workbench.desktop.main.js:4886:700)
    at $.getChildren (file:///usr/share/code/resources/app/out/vs/workbench/workbench.desktop.main.js:4892:195)
    at X.<anonymous> (file:///usr/share/code/resources/app/out/vs/workbench/workbench.desktop.main.js:1026:201)
    at Generator.next (<anonymous>)
    at file:///usr/share/code/resources/app/out/vs/workbench/workbench.desktop.main.js:35:566
    at new Promise (<anonymous>)
    at n (file:///usr/share/code/resources/app/out/vs/workbench/workbench.desktop.main.js:35:343)
    at a.createCancelablePromise (file:///usr/share/code/resources/app/out/vs/workbench/workbench.desktop.main.js:1026:138)
    at Object.l [as createCancelablePromise] (file:///usr/share/code/resources/app/out/vs/workbench/workbench.desktop.main.js:128:804)
    at X.doGetChildren (file:///usr/share/code/resources/app/out/vs/workbench/workbench.desktop.main.js:1026:110)
    at X.<anonymous> (file:///usr/share/code/resources/app/out/vs/workbench/workbench.desktop.main.js:1025:740)
    at Generator.next (<anonymous>)
    at file:///usr/share/code/resources/app/out/vs/workbench/workbench.desktop.main.js:35:566
    at new Promise (<anonymous>)
    at n (file:///usr/share/code/resources/app/out/vs/workbench/workbench.desktop.main.js:35:343)
    at X.doRefreshNode (file:///usr/share/code/resources/app/out/vs/workbench/workbench.desktop.main.js:1025:527)
    at X.<anonymous> (file:///usr/share/code/resources/app/out/vs/workbench/workbench.desktop.main.js:1025:385)
    at Generator.next (<anonymous>)
    at file:///usr/share/code/resources/app/out/vs/workbench/workbench.desktop.main.js:35:566
    at new Promise (<anonymous>)
    at n (file:///usr/share/code/resources/app/out/vs/workbench/workbench.desktop.main.js:35:343)
    at X.doRefreshSubTree (file:///usr/share/code/resources/app/out/vs/workbench/workbench.desktop.main.js:1025:316)
    at X.<anonymous> (file:///usr/share/code/resources/app/out/vs/workbench/workbench.desktop.main.js:1025:163)
    at Generator.next (<anonymous>)
    at file:///usr/share/code/resources/app/out/vs/workbench/workbench.desktop.main.js:35:566
    at new Promise (<anonymous>)
    at n (file:///usr/share/code/resources/app/out/vs/workbench/workbench.desktop.main.js:35:343)
    at X.refreshNode (file:///usr/share/code/resources/app/out/vs/workbench/workbench.desktop.main.js:1024:971)
    at X.<anonymous> (file:///usr/share/code/resources/app/out/vs/workbench/workbench.desktop.main.js:1024:731)
    at Generator.next (<anonymous>)
    at file:///usr/share/code/resources/app/out/vs/workbench/workbench.desktop.main.js:35:566
    at new Promise (<anonymous>)
    at n (file:///usr/share/code/resources/app/out/vs/workbench/workbench.desktop.main.js:35:343)
    at X.refreshAndRenderNode (file:///usr/share/code/resources/app/out/vs/workbench/workbench.desktop.main.js:1024:684)
    at X.<anonymous> (file:///usr/share/code/resources/app/out/vs/workbench/workbench.desktop.main.js:1022:62)
    at Generator.next (<anonymous>)
    at file:///usr/share/code/resources/app/out/vs/workbench/workbench.desktop.main.js:35:566
    at new Promise (<anonymous>)
    at n (file:///usr/share/code/resources/app/out/vs/workbench/workbench.desktop.main.js:35:343)
    at X.updateChildren (file:///usr/share/code/resources/app/out/vs/workbench/workbench.desktop.main.js:1021:821)
    at Promise.all.Array.from.map.e (file:///usr/share/code/resources/app/out/vs/workbench/workbench.desktop.main.js:4891:237)
    at Array.map (<anonymous>)
    at K.<anonymous> (file:///usr/share/code/resources/app/out/vs/workbench/workbench.desktop.main.js:4891:228)
    at Generator.next (<anonymous>)
    at file:///usr/share/code/resources/app/out/vs/workbench/workbench.desktop.main.js:35:566
    at new Promise (<anonymous>)
    at n (file:///usr/share/code/resources/app/out/vs/workbench/workbench.desktop.main.js:35:343)
    at K.doRefresh (file:///usr/share/code/resources/app/out/vs/workbench/workbench.desktop.main.js:4891:8)
    at K._register.themeService.onThemeChange (file:///usr/share/code/resources/app/out/vs/workbench/workbench.desktop.main.js:4883:747)
    at d.fire (file:///usr/share/code/resources/app/out/vs/workbench/workbench.desktop.main.js:107:468)
    at V.applyTheme (file:///usr/share/code/resources/app/out/vs/workbench/workbench.desktop.main.js:4620:610)
    at s.ensureLoaded.then.i (file:///usr/share/code/resources/app/out/vs/workbench/workbench.desktop.main.js:4619:90)
[2019-10-20 00:29:06.622] [renderer1] [error] Bad progress location: workbench.view.extension.project-manager: Error: Bad progress location: workbench.view.extension.project-manager
    at Proxy.withProgress (file:///usr/share/code/resources/app/out/vs/workbench/workbench.desktop.main.js:5216:256)
    at $.t.instantiationService.createInstance.e [as withProgress] (file:///usr/share/code/resources/app/out/vs/workbench/workbench.desktop.main.js:4886:700)
    at $.getChildren (file:///usr/share/code/resources/app/out/vs/workbench/workbench.desktop.main.js:4892:195)
    at X.<anonymous> (file:///usr/share/code/resources/app/out/vs/workbench/workbench.desktop.main.js:1026:201)
    at Generator.next (<anonymous>)
    at file:///usr/share/code/resources/app/out/vs/workbench/workbench.desktop.main.js:35:566
    at new Promise (<anonymous>)
    at n (file:///usr/share/code/resources/app/out/vs/workbench/workbench.desktop.main.js:35:343)
    at a.createCancelablePromise (file:///usr/share/code/resources/app/out/vs/workbench/workbench.desktop.main.js:1026:138)
    at Object.l [as createCancelablePromise] (file:///usr/share/code/resources/app/out/vs/workbench/workbench.desktop.main.js:128:804)
    at X.doGetChildren (file:///usr/share/code/resources/app/out/vs/workbench/workbench.desktop.main.js:1026:110)
    at X.<anonymous> (file:///usr/share/code/resources/app/out/vs/workbench/workbench.desktop.main.js:1025:740)
    at Generator.next (<anonymous>)
    at file:///usr/share/code/resources/app/out/vs/workbench/workbench.desktop.main.js:35:566
    at new Promise (<anonymous>)
    at n (file:///usr/share/code/resources/app/out/vs/workbench/workbench.desktop.main.js:35:343)
    at X.doRefreshNode (file:///usr/share/code/resources/app/out/vs/workbench/workbench.desktop.main.js:1025:527)
    at X.<anonymous> (file:///usr/share/code/resources/app/out/vs/workbench/workbench.desktop.main.js:1025:385)
    at Generator.next (<anonymous>)
    at file:///usr/share/code/resources/app/out/vs/workbench/workbench.desktop.main.js:35:566
    at new Promise (<anonymous>)
    at n (file:///usr/share/code/resources/app/out/vs/workbench/workbench.desktop.main.js:35:343)
    at X.doRefreshSubTree (file:///usr/share/code/resources/app/out/vs/workbench/workbench.desktop.main.js:1025:316)
    at X.<anonymous> (file:///usr/share/code/resources/app/out/vs/workbench/workbench.desktop.main.js:1025:163)
    at Generator.next (<anonymous>)
    at file:///usr/share/code/resources/app/out/vs/workbench/workbench.desktop.main.js:35:566
    at new Promise (<anonymous>)
    at n (file:///usr/share/code/resources/app/out/vs/workbench/workbench.desktop.main.js:35:343)
    at X.refreshNode (file:///usr/share/code/resources/app/out/vs/workbench/workbench.desktop.main.js:1024:971)
    at X.<anonymous> (file:///usr/share/code/resources/app/out/vs/workbench/workbench.desktop.main.js:1024:731)
    at Generator.next (<anonymous>)
    at file:///usr/share/code/resources/app/out/vs/workbench/workbench.desktop.main.js:35:566
    at new Promise (<anonymous>)
    at n (file:///usr/share/code/resources/app/out/vs/workbench/workbench.desktop.main.js:35:343)
    at X.refreshAndRenderNode (file:///usr/share/code/resources/app/out/vs/workbench/workbench.desktop.main.js:1024:684)
    at X.<anonymous> (file:///usr/share/code/resources/app/out/vs/workbench/workbench.desktop.main.js:1022:62)
    at Generator.next (<anonymous>)
    at file:///usr/share/code/resources/app/out/vs/workbench/workbench.desktop.main.js:35:566
    at new Promise (<anonymous>)
    at n (file:///usr/share/code/resources/app/out/vs/workbench/workbench.desktop.main.js:35:343)
    at X.updateChildren (file:///usr/share/code/resources/app/out/vs/workbench/workbench.desktop.main.js:1021:821)
    at Promise.all.Array.from.map.e (file:///usr/share/code/resources/app/out/vs/workbench/workbench.desktop.main.js:4891:237)
    at Array.map (<anonymous>)
    at K.<anonymous> (file:///usr/share/code/resources/app/out/vs/workbench/workbench.desktop.main.js:4891:228)
    at Generator.next (<anonymous>)
    at file:///usr/share/code/resources/app/out/vs/workbench/workbench.desktop.main.js:35:566
    at new Promise (<anonymous>)
    at n (file:///usr/share/code/resources/app/out/vs/workbench/workbench.desktop.main.js:35:343)
    at K.doRefresh (file:///usr/share/code/resources/app/out/vs/workbench/workbench.desktop.main.js:4891:8)
    at K._register.themeService.onThemeChange (file:///usr/share/code/resources/app/out/vs/workbench/workbench.desktop.main.js:4883:747)
    at d.fire (file:///usr/share/code/resources/app/out/vs/workbench/workbench.desktop.main.js:107:468)
    at V.applyTheme (file:///usr/share/code/resources/app/out/vs/workbench/workbench.desktop.main.js:4620:610)
    at s.ensureLoaded.then.i (file:///usr/share/code/resources/app/out/vs/workbench/workbench.desktop.main.js:4619:90)
[2019-10-20 00:29:06.626] [renderer1] [error] Bad progress location: workbench.view.extension.gitlens: Error: Bad progress location: workbench.view.extension.gitlens
    at Proxy.withProgress (file:///usr/share/code/resources/app/out/vs/workbench/workbench.desktop.main.js:5216:256)
    at $.t.instantiationService.createInstance.e [as withProgress] (file:///usr/share/code/resources/app/out/vs/workbench/workbench.desktop.main.js:4886:700)
    at $.getChildren (file:///usr/share/code/resources/app/out/vs/workbench/workbench.desktop.main.js:4892:195)
    at X.<anonymous> (file:///usr/share/code/resources/app/out/vs/workbench/workbench.desktop.main.js:1026:201)
    at Generator.next (<anonymous>)
    at file:///usr/share/code/resources/app/out/vs/workbench/workbench.desktop.main.js:35:566
    at new Promise (<anonymous>)
    at n (file:///usr/share/code/resources/app/out/vs/workbench/workbench.desktop.main.js:35:343)
    at a.createCancelablePromise (file:///usr/share/code/resources/app/out/vs/workbench/workbench.desktop.main.js:1026:138)
    at Object.l [as createCancelablePromise] (file:///usr/share/code/resources/app/out/vs/workbench/workbench.desktop.main.js:128:804)
    at X.doGetChildren (file:///usr/share/code/resources/app/out/vs/workbench/workbench.desktop.main.js:1026:110)
    at X.<anonymous> (file:///usr/share/code/resources/app/out/vs/workbench/workbench.desktop.main.js:1025:740)
    at Generator.next (<anonymous>)
    at file:///usr/share/code/resources/app/out/vs/workbench/workbench.desktop.main.js:35:566
    at new Promise (<anonymous>)
    at n (file:///usr/share/code/resources/app/out/vs/workbench/workbench.desktop.main.js:35:343)
    at X.doRefreshNode (file:///usr/share/code/resources/app/out/vs/workbench/workbench.desktop.main.js:1025:527)
    at X.<anonymous> (file:///usr/share/code/resources/app/out/vs/workbench/workbench.desktop.main.js:1025:385)
    at Generator.next (<anonymous>)
    at file:///usr/share/code/resources/app/out/vs/workbench/workbench.desktop.main.js:35:566
    at new Promise (<anonymous>)
    at n (file:///usr/share/code/resources/app/out/vs/workbench/workbench.desktop.main.js:35:343)
    at X.doRefreshSubTree (file:///usr/share/code/resources/app/out/vs/workbench/workbench.desktop.main.js:1025:316)
    at X.<anonymous> (file:///usr/share/code/resources/app/out/vs/workbench/workbench.desktop.main.js:1025:163)
    at Generator.next (<anonymous>)
    at file:///usr/share/code/resources/app/out/vs/workbench/workbench.desktop.main.js:35:566
    at new Promise (<anonymous>)
    at n (file:///usr/share/code/resources/app/out/vs/workbench/workbench.desktop.main.js:35:343)
    at X.refreshNode (file:///usr/share/code/resources/app/out/vs/workbench/workbench.desktop.main.js:1024:971)
    at X.<anonymous> (file:///usr/share/code/resources/app/out/vs/workbench/workbench.desktop.main.js:1024:731)
    at Generator.next (<anonymous>)
    at file:///usr/share/code/resources/app/out/vs/workbench/workbench.desktop.main.js:35:566
    at new Promise (<anonymous>)
    at n (file:///usr/share/code/resources/app/out/vs/workbench/workbench.desktop.main.js:35:343)
    at X.refreshAndRenderNode (file:///usr/share/code/resources/app/out/vs/workbench/workbench.desktop.main.js:1024:684)
    at X.<anonymous> (file:///usr/share/code/resources/app/out/vs/workbench/workbench.desktop.main.js:1022:62)
    at Generator.next (<anonymous>)
    at file:///usr/share/code/resources/app/out/vs/workbench/workbench.desktop.main.js:35:566
    at new Promise (<anonymous>)
    at n (file:///usr/share/code/resources/app/out/vs/workbench/workbench.desktop.main.js:35:343)
    at X.updateChildren (file:///usr/share/code/resources/app/out/vs/workbench/workbench.desktop.main.js:1021:821)
    at Promise.all.Array.from.map.e (file:///usr/share/code/resources/app/out/vs/workbench/workbench.desktop.main.js:4891:237)
    at Array.map (<anonymous>)
    at K.<anonymous> (file:///usr/share/code/resources/app/out/vs/workbench/workbench.desktop.main.js:4891:228)
    at Generator.next (<anonymous>)
    at file:///usr/share/code/resources/app/out/vs/workbench/workbench.desktop.main.js:35:566
    at new Promise (<anonymous>)
    at n (file:///usr/share/code/resources/app/out/vs/workbench/workbench.desktop.main.js:35:343)
    at K.doRefresh (file:///usr/share/code/resources/app/out/vs/workbench/workbench.desktop.main.js:4891:8)
    at K._register.themeService.onThemeChange (file:///usr/share/code/resources/app/out/vs/workbench/workbench.desktop.main.js:4883:747)
    at d.fire (file:///usr/share/code/resources/app/out/vs/workbench/workbench.desktop.main.js:107:468)
    at V.applyTheme (file:///usr/share/code/resources/app/out/vs/workbench/workbench.desktop.main.js:4620:610)
    at s.ensureLoaded.then.i (file:///usr/share/code/resources/app/out/vs/workbench/workbench.desktop.main.js:4619:90)
[2019-10-20 00:29:06.628] [renderer1] [error] Bad progress location: workbench.view.extension.wallaby: Error: Bad progress location: workbench.view.extension.wallaby
    at Proxy.withProgress (file:///usr/share/code/resources/app/out/vs/workbench/workbench.desktop.main.js:5216:256)
    at $.t.instantiationService.createInstance.e [as withProgress] (file:///usr/share/code/resources/app/out/vs/workbench/workbench.desktop.main.js:4886:700)
    at $.getChildren (file:///usr/share/code/resources/app/out/vs/workbench/workbench.desktop.main.js:4892:195)
    at X.<anonymous> (file:///usr/share/code/resources/app/out/vs/workbench/workbench.desktop.main.js:1026:201)
    at Generator.next (<anonymous>)
    at file:///usr/share/code/resources/app/out/vs/workbench/workbench.desktop.main.js:35:566
    at new Promise (<anonymous>)
    at n (file:///usr/share/code/resources/app/out/vs/workbench/workbench.desktop.main.js:35:343)
    at a.createCancelablePromise (file:///usr/share/code/resources/app/out/vs/workbench/workbench.desktop.main.js:1026:138)
    at Object.l [as createCancelablePromise] (file:///usr/share/code/resources/app/out/vs/workbench/workbench.desktop.main.js:128:804)
    at X.doGetChildren (file:///usr/share/code/resources/app/out/vs/workbench/workbench.desktop.main.js:1026:110)
    at X.<anonymous> (file:///usr/share/code/resources/app/out/vs/workbench/workbench.desktop.main.js:1025:740)
    at Generator.next (<anonymous>)
    at file:///usr/share/code/resources/app/out/vs/workbench/workbench.desktop.main.js:35:566
    at new Promise (<anonymous>)
    at n (file:///usr/share/code/resources/app/out/vs/workbench/workbench.desktop.main.js:35:343)
    at X.doRefreshNode (file:///usr/share/code/resources/app/out/vs/workbench/workbench.desktop.main.js:1025:527)
    at X.<anonymous> (file:///usr/share/code/resources/app/out/vs/workbench/workbench.desktop.main.js:1025:385)
    at Generator.next (<anonymous>)
    at file:///usr/share/code/resources/app/out/vs/workbench/workbench.desktop.main.js:35:566
    at new Promise (<anonymous>)
    at n (file:///usr/share/code/resources/app/out/vs/workbench/workbench.desktop.main.js:35:343)
    at X.doRefreshSubTree (file:///usr/share/code/resources/app/out/vs/workbench/workbench.desktop.main.js:1025:316)
    at X.<anonymous> (file:///usr/share/code/resources/app/out/vs/workbench/workbench.desktop.main.js:1025:163)
    at Generator.next (<anonymous>)
    at file:///usr/share/code/resources/app/out/vs/workbench/workbench.desktop.main.js:35:566
    at new Promise (<anonymous>)
    at n (file:///usr/share/code/resources/app/out/vs/workbench/workbench.desktop.main.js:35:343)
    at X.refreshNode (file:///usr/share/code/resources/app/out/vs/workbench/workbench.desktop.main.js:1024:971)
    at X.<anonymous> (file:///usr/share/code/resources/app/out/vs/workbench/workbench.desktop.main.js:1024:731)
    at Generator.next (<anonymous>)
    at file:///usr/share/code/resources/app/out/vs/workbench/workbench.desktop.main.js:35:566
    at new Promise (<anonymous>)
    at n (file:///usr/share/code/resources/app/out/vs/workbench/workbench.desktop.main.js:35:343)
    at X.refreshAndRenderNode (file:///usr/share/code/resources/app/out/vs/workbench/workbench.desktop.main.js:1024:684)
    at X.<anonymous> (file:///usr/share/code/resources/app/out/vs/workbench/workbench.desktop.main.js:1022:62)
    at Generator.next (<anonymous>)
    at file:///usr/share/code/resources/app/out/vs/workbench/workbench.desktop.main.js:35:566
    at new Promise (<anonymous>)
    at n (file:///usr/share/code/resources/app/out/vs/workbench/workbench.desktop.main.js:35:343)
    at X.updateChildren (file:///usr/share/code/resources/app/out/vs/workbench/workbench.desktop.main.js:1021:821)
    at Promise.all.Array.from.map.e (file:///usr/share/code/resources/app/out/vs/workbench/workbench.desktop.main.js:4891:237)
    at Array.map (<anonymous>)
    at K.<anonymous> (file:///usr/share/code/resources/app/out/vs/workbench/workbench.desktop.main.js:4891:228)
    at Generator.next (<anonymous>)
    at file:///usr/share/code/resources/app/out/vs/workbench/workbench.desktop.main.js:35:566
    at new Promise (<anonymous>)
    at n (file:///usr/share/code/resources/app/out/vs/workbench/workbench.desktop.main.js:35:343)
    at K.doRefresh (file:///usr/share/code/resources/app/out/vs/workbench/workbench.desktop.main.js:4891:8)
    at K._register.themeService.onThemeChange (file:///usr/share/code/resources/app/out/vs/workbench/workbench.desktop.main.js:4883:747)
    at d.fire (file:///usr/share/code/resources/app/out/vs/workbench/workbench.desktop.main.js:107:468)
    at V.applyTheme (file:///usr/share/code/resources/app/out/vs/workbench/workbench.desktop.main.js:4620:610)
    at s.ensureLoaded.then.i (file:///usr/share/code/resources/app/out/vs/workbench/workbench.desktop.main.js:4619:90)
[2019-10-20 00:29:08.561] [renderer1] [error] Bad progress location: workbench.view.extension.project-manager: Error: Bad progress location: workbench.view.extension.project-manager
    at Proxy.withProgress (file:///usr/share/code/resources/app/out/vs/workbench/workbench.desktop.main.js:5216:256)
    at $.t.instantiationService.createInstance.e [as withProgress] (file:///usr/share/code/resources/app/out/vs/workbench/workbench.desktop.main.js:4886:700)
    at $.getChildren (file:///usr/share/code/resources/app/out/vs/workbench/workbench.desktop.main.js:4892:195)
    at X.<anonymous> (file:///usr/share/code/resources/app/out/vs/workbench/workbench.desktop.main.js:1026:201)
    at Generator.next (<anonymous>)
    at file:///usr/share/code/resources/app/out/vs/workbench/workbench.desktop.main.js:35:566
    at new Promise (<anonymous>)
    at n (file:///usr/share/code/resources/app/out/vs/workbench/workbench.desktop.main.js:35:343)
    at a.createCancelablePromise (file:///usr/share/code/resources/app/out/vs/workbench/workbench.desktop.main.js:1026:138)
    at Object.l [as createCancelablePromise] (file:///usr/share/code/resources/app/out/vs/workbench/workbench.desktop.main.js:128:804)
    at X.doGetChildren (file:///usr/share/code/resources/app/out/vs/workbench/workbench.desktop.main.js:1026:110)
    at X.<anonymous> (file:///usr/share/code/resources/app/out/vs/workbench/workbench.desktop.main.js:1025:740)
    at Generator.next (<anonymous>)
    at file:///usr/share/code/resources/app/out/vs/workbench/workbench.desktop.main.js:35:566
    at new Promise (<anonymous>)
    at n (file:///usr/share/code/resources/app/out/vs/workbench/workbench.desktop.main.js:35:343)
    at X.doRefreshNode (file:///usr/share/code/resources/app/out/vs/workbench/workbench.desktop.main.js:1025:527)
    at X.<anonymous> (file:///usr/share/code/resources/app/out/vs/workbench/workbench.desktop.main.js:1025:385)
    at Generator.next (<anonymous>)
    at file:///usr/share/code/resources/app/out/vs/workbench/workbench.desktop.main.js:35:566
    at new Promise (<anonymous>)
    at n (file:///usr/share/code/resources/app/out/vs/workbench/workbench.desktop.main.js:35:343)
    at X.doRefreshSubTree (file:///usr/share/code/resources/app/out/vs/workbench/workbench.desktop.main.js:1025:316)
    at X.<anonymous> (file:///usr/share/code/resources/app/out/vs/workbench/workbench.desktop.main.js:1025:163)
    at Generator.next (<anonymous>)
    at file:///usr/share/code/resources/app/out/vs/workbench/workbench.desktop.main.js:35:566
    at new Promise (<anonymous>)
    at n (file:///usr/share/code/resources/app/out/vs/workbench/workbench.desktop.main.js:35:343)
    at X.refreshNode (file:///usr/share/code/resources/app/out/vs/workbench/workbench.desktop.main.js:1024:971)
    at X.<anonymous> (file:///usr/share/code/resources/app/out/vs/workbench/workbench.desktop.main.js:1024:731)
    at Generator.next (<anonymous>)
    at file:///usr/share/code/resources/app/out/vs/workbench/workbench.desktop.main.js:35:566
    at new Promise (<anonymous>)
    at n (file:///usr/share/code/resources/app/out/vs/workbench/workbench.desktop.main.js:35:343)
    at X.refreshAndRenderNode (file:///usr/share/code/resources/app/out/vs/workbench/workbench.desktop.main.js:1024:684)
    at X.<anonymous> (file:///usr/share/code/resources/app/out/vs/workbench/workbench.desktop.main.js:1022:62)
    at Generator.next (<anonymous>)
    at file:///usr/share/code/resources/app/out/vs/workbench/workbench.desktop.main.js:35:566
    at new Promise (<anonymous>)
    at n (file:///usr/share/code/resources/app/out/vs/workbench/workbench.desktop.main.js:35:343)
    at X.updateChildren (file:///usr/share/code/resources/app/out/vs/workbench/workbench.desktop.main.js:1021:821)
    at Promise.all.Array.from.map.e (file:///usr/share/code/resources/app/out/vs/workbench/workbench.desktop.main.js:4891:237)
    at Array.map (<anonymous>)
    at K.<anonymous> (file:///usr/share/code/resources/app/out/vs/workbench/workbench.desktop.main.js:4891:228)
    at Generator.next (<anonymous>)
    at file:///usr/share/code/resources/app/out/vs/workbench/workbench.desktop.main.js:35:566
    at new Promise (<anonymous>)
    at n (file:///usr/share/code/resources/app/out/vs/workbench/workbench.desktop.main.js:35:343)
    at K.doRefresh (file:///usr/share/code/resources/app/out/vs/workbench/workbench.desktop.main.js:4891:8)
    at K._register.themeService.onThemeChange (file:///usr/share/code/resources/app/out/vs/workbench/workbench.desktop.main.js:4883:747)
    at d.fire (file:///usr/share/code/resources/app/out/vs/workbench/workbench.desktop.main.js:107:468)
    at V.applyTheme (file:///usr/share/code/resources/app/out/vs/workbench/workbench.desktop.main.js:4620:610)
    at s.ensureLoaded.then.i (file:///usr/share/code/resources/app/out/vs/workbench/workbench.desktop.main.js:4619:90)
[2019-10-20 00:29:08.563] [renderer1] [error] Bad progress location: workbench.view.extension.gitlens: Error: Bad progress location: workbench.view.extension.gitlens
    at Proxy.withProgress (file:///usr/share/code/resources/app/out/vs/workbench/workbench.desktop.main.js:5216:256)
    at $.t.instantiationService.createInstance.e [as withProgress] (file:///usr/share/code/resources/app/out/vs/workbench/workbench.desktop.main.js:4886:700)
    at $.getChildren (file:///usr/share/code/resources/app/out/vs/workbench/workbench.desktop.main.js:4892:195)
    at X.<anonymous> (file:///usr/share/code/resources/app/out/vs/workbench/workbench.desktop.main.js:1026:201)
    at Generator.next (<anonymous>)
    at file:///usr/share/code/resources/app/out/vs/workbench/workbench.desktop.main.js:35:566
    at new Promise (<anonymous>)
    at n (file:///usr/share/code/resources/app/out/vs/workbench/workbench.desktop.main.js:35:343)
    at a.createCancelablePromise (file:///usr/share/code/resources/app/out/vs/workbench/workbench.desktop.main.js:1026:138)
    at Object.l [as createCancelablePromise] (file:///usr/share/code/resources/app/out/vs/workbench/workbench.desktop.main.js:128:804)
    at X.doGetChildren (file:///usr/share/code/resources/app/out/vs/workbench/workbench.desktop.main.js:1026:110)
    at X.<anonymous> (file:///usr/share/code/resources/app/out/vs/workbench/workbench.desktop.main.js:1025:740)
    at Generator.next (<anonymous>)
    at file:///usr/share/code/resources/app/out/vs/workbench/workbench.desktop.main.js:35:566
    at new Promise (<anonymous>)
    at n (file:///usr/share/code/resources/app/out/vs/workbench/workbench.desktop.main.js:35:343)
    at X.doRefreshNode (file:///usr/share/code/resources/app/out/vs/workbench/workbench.desktop.main.js:1025:527)
    at X.<anonymous> (file:///usr/share/code/resources/app/out/vs/workbench/workbench.desktop.main.js:1025:385)
    at Generator.next (<anonymous>)
    at file:///usr/share/code/resources/app/out/vs/workbench/workbench.desktop.main.js:35:566
    at new Promise (<anonymous>)
    at n (file:///usr/share/code/resources/app/out/vs/workbench/workbench.desktop.main.js:35:343)
    at X.doRefreshSubTree (file:///usr/share/code/resources/app/out/vs/workbench/workbench.desktop.main.js:1025:316)
    at X.<anonymous> (file:///usr/share/code/resources/app/out/vs/workbench/workbench.desktop.main.js:1025:163)
    at Generator.next (<anonymous>)
    at file:///usr/share/code/resources/app/out/vs/workbench/workbench.desktop.main.js:35:566
    at new Promise (<anonymous>)
    at n (file:///usr/share/code/resources/app/out/vs/workbench/workbench.desktop.main.js:35:343)
    at X.refreshNode (file:///usr/share/code/resources/app/out/vs/workbench/workbench.desktop.main.js:1024:971)
    at X.<anonymous> (file:///usr/share/code/resources/app/out/vs/workbench/workbench.desktop.main.js:1024:731)
    at Generator.next (<anonymous>)
    at file:///usr/share/code/resources/app/out/vs/workbench/workbench.desktop.main.js:35:566
    at new Promise (<anonymous>)
    at n (file:///usr/share/code/resources/app/out/vs/workbench/workbench.desktop.main.js:35:343)
    at X.refreshAndRenderNode (file:///usr/share/code/resources/app/out/vs/workbench/workbench.desktop.main.js:1024:684)
    at X.<anonymous> (file:///usr/share/code/resources/app/out/vs/workbench/workbench.desktop.main.js:1022:62)
    at Generator.next (<anonymous>)
    at file:///usr/share/code/resources/app/out/vs/workbench/workbench.desktop.main.js:35:566
    at new Promise (<anonymous>)
    at n (file:///usr/share/code/resources/app/out/vs/workbench/workbench.desktop.main.js:35:343)
    at X.updateChildren (file:///usr/share/code/resources/app/out/vs/workbench/workbench.desktop.main.js:1021:821)
    at Promise.all.Array.from.map.e (file:///usr/share/code/resources/app/out/vs/workbench/workbench.desktop.main.js:4891:237)
    at Array.map (<anonymous>)
    at K.<anonymous> (file:///usr/share/code/resources/app/out/vs/workbench/workbench.desktop.main.js:4891:228)
    at Generator.next (<anonymous>)
    at file:///usr/share/code/resources/app/out/vs/workbench/workbench.desktop.main.js:35:566
    at new Promise (<anonymous>)
    at n (file:///usr/share/code/resources/app/out/vs/workbench/workbench.desktop.main.js:35:343)
    at K.doRefresh (file:///usr/share/code/resources/app/out/vs/workbench/workbench.desktop.main.js:4891:8)
    at K._register.themeService.onThemeChange (file:///usr/share/code/resources/app/out/vs/workbench/workbench.desktop.main.js:4883:747)
    at d.fire (file:///usr/share/code/resources/app/out/vs/workbench/workbench.desktop.main.js:107:468)
    at V.applyTheme (file:///usr/share/code/resources/app/out/vs/workbench/workbench.desktop.main.js:4620:610)
    at s.ensureLoaded.then.i (file:///usr/share/code/resources/app/out/vs/workbench/workbench.desktop.main.js:4619:90)
[2019-10-20 00:29:08.565] [renderer1] [error] Bad progress location: workbench.view.extension.wallaby: Error: Bad progress location: workbench.view.extension.wallaby
    at Proxy.withProgress (file:///usr/share/code/resources/app/out/vs/workbench/workbench.desktop.main.js:5216:256)
    at $.t.instantiationService.createInstance.e [as withProgress] (file:///usr/share/code/resources/app/out/vs/workbench/workbench.desktop.main.js:4886:700)
    at $.getChildren (file:///usr/share/code/resources/app/out/vs/workbench/workbench.desktop.main.js:4892:195)
    at X.<anonymous> (file:///usr/share/code/resources/app/out/vs/workbench/workbench.desktop.main.js:1026:201)
    at Generator.next (<anonymous>)
    at file:///usr/share/code/resources/app/out/vs/workbench/workbench.desktop.main.js:35:566
    at new Promise (<anonymous>)
    at n (file:///usr/share/code/resources/app/out/vs/workbench/workbench.desktop.main.js:35:343)
    at a.createCancelablePromise (file:///usr/share/code/resources/app/out/vs/workbench/workbench.desktop.main.js:1026:138)
    at Object.l [as createCancelablePromise] (file:///usr/share/code/resources/app/out/vs/workbench/workbench.desktop.main.js:128:804)
    at X.doGetChildren (file:///usr/share/code/resources/app/out/vs/workbench/workbench.desktop.main.js:1026:110)
    at X.<anonymous> (file:///usr/share/code/resources/app/out/vs/workbench/workbench.desktop.main.js:1025:740)
    at Generator.next (<anonymous>)
    at file:///usr/share/code/resources/app/out/vs/workbench/workbench.desktop.main.js:35:566
    at new Promise (<anonymous>)
    at n (file:///usr/share/code/resources/app/out/vs/workbench/workbench.desktop.main.js:35:343)
    at X.doRefreshNode (file:///usr/share/code/resources/app/out/vs/workbench/workbench.desktop.main.js:1025:527)
    at X.<anonymous> (file:///usr/share/code/resources/app/out/vs/workbench/workbench.desktop.main.js:1025:385)
    at Generator.next (<anonymous>)
    at file:///usr/share/code/resources/app/out/vs/workbench/workbench.desktop.main.js:35:566
    at new Promise (<anonymous>)
    at n (file:///usr/share/code/resources/app/out/vs/workbench/workbench.desktop.main.js:35:343)
    at X.doRefreshSubTree (file:///usr/share/code/resources/app/out/vs/workbench/workbench.desktop.main.js:1025:316)
    at X.<anonymous> (file:///usr/share/code/resources/app/out/vs/workbench/workbench.desktop.main.js:1025:163)
    at Generator.next (<anonymous>)
    at file:///usr/share/code/resources/app/out/vs/workbench/workbench.desktop.main.js:35:566
    at new Promise (<anonymous>)
    at n (file:///usr/share/code/resources/app/out/vs/workbench/workbench.desktop.main.js:35:343)
    at X.refreshNode (file:///usr/share/code/resources/app/out/vs/workbench/workbench.desktop.main.js:1024:971)
    at X.<anonymous> (file:///usr/share/code/resources/app/out/vs/workbench/workbench.desktop.main.js:1024:731)
    at Generator.next (<anonymous>)
    at file:///usr/share/code/resources/app/out/vs/workbench/workbench.desktop.main.js:35:566
    at new Promise (<anonymous>)
    at n (file:///usr/share/code/resources/app/out/vs/workbench/workbench.desktop.main.js:35:343)
    at X.refreshAndRenderNode (file:///usr/share/code/resources/app/out/vs/workbench/workbench.desktop.main.js:1024:684)
    at X.<anonymous> (file:///usr/share/code/resources/app/out/vs/workbench/workbench.desktop.main.js:1022:62)
    at Generator.next (<anonymous>)
    at file:///usr/share/code/resources/app/out/vs/workbench/workbench.desktop.main.js:35:566
    at new Promise (<anonymous>)
    at n (file:///usr/share/code/resources/app/out/vs/workbench/workbench.desktop.main.js:35:343)
    at X.updateChildren (file:///usr/share/code/resources/app/out/vs/workbench/workbench.desktop.main.js:1021:821)
    at Promise.all.Array.from.map.e (file:///usr/share/code/resources/app/out/vs/workbench/workbench.desktop.main.js:4891:237)
    at Array.map (<anonymous>)
    at K.<anonymous> (file:///usr/share/code/resources/app/out/vs/workbench/workbench.desktop.main.js:4891:228)
    at Generator.next (<anonymous>)
    at file:///usr/share/code/resources/app/out/vs/workbench/workbench.desktop.main.js:35:566
    at new Promise (<anonymous>)
    at n (file:///usr/share/code/resources/app/out/vs/workbench/workbench.desktop.main.js:35:343)
    at K.doRefresh (file:///usr/share/code/resources/app/out/vs/workbench/workbench.desktop.main.js:4891:8)
    at K._register.themeService.onThemeChange (file:///usr/share/code/resources/app/out/vs/workbench/workbench.desktop.main.js:4883:747)
    at d.fire (file:///usr/share/code/resources/app/out/vs/workbench/workbench.desktop.main.js:107:468)
    at V.applyTheme (file:///usr/share/code/resources/app/out/vs/workbench/workbench.desktop.main.js:4620:610)
    at s.ensureLoaded.then.i (file:///usr/share/code/resources/app/out/vs/workbench/workbench.desktop.main.js:4619:90)
[2019-10-20 00:29:09.698] [renderer1] [error] Bad progress location: workbench.view.extension.project-manager: Error: Bad progress location: workbench.view.extension.project-manager
    at Proxy.withProgress (file:///usr/share/code/resources/app/out/vs/workbench/workbench.desktop.main.js:5216:256)
    at $.t.instantiationService.createInstance.e [as withProgress] (file:///usr/share/code/resources/app/out/vs/workbench/workbench.desktop.main.js:4886:700)
    at $.getChildren (file:///usr/share/code/resources/app/out/vs/workbench/workbench.desktop.main.js:4892:195)
    at X.<anonymous> (file:///usr/share/code/resources/app/out/vs/workbench/workbench.desktop.main.js:1026:201)
    at Generator.next (<anonymous>)
    at file:///usr/share/code/resources/app/out/vs/workbench/workbench.desktop.main.js:35:566
    at new Promise (<anonymous>)
    at n (file:///usr/share/code/resources/app/out/vs/workbench/workbench.desktop.main.js:35:343)
    at a.createCancelablePromise (file:///usr/share/code/resources/app/out/vs/workbench/workbench.desktop.main.js:1026:138)
    at Object.l [as createCancelablePromise] (file:///usr/share/code/resources/app/out/vs/workbench/workbench.desktop.main.js:128:804)
    at X.doGetChildren (file:///usr/share/code/resources/app/out/vs/workbench/workbench.desktop.main.js:1026:110)
    at X.<anonymous> (file:///usr/share/code/resources/app/out/vs/workbench/workbench.desktop.main.js:1025:740)
    at Generator.next (<anonymous>)
    at file:///usr/share/code/resources/app/out/vs/workbench/workbench.desktop.main.js:35:566
    at new Promise (<anonymous>)
    at n (file:///usr/share/code/resources/app/out/vs/workbench/workbench.desktop.main.js:35:343)
    at X.doRefreshNode (file:///usr/share/code/resources/app/out/vs/workbench/workbench.desktop.main.js:1025:527)
    at X.<anonymous> (file:///usr/share/code/resources/app/out/vs/workbench/workbench.desktop.main.js:1025:385)
    at Generator.next (<anonymous>)
    at file:///usr/share/code/resources/app/out/vs/workbench/workbench.desktop.main.js:35:566
    at new Promise (<anonymous>)
    at n (file:///usr/share/code/resources/app/out/vs/workbench/workbench.desktop.main.js:35:343)
    at X.doRefreshSubTree (file:///usr/share/code/resources/app/out/vs/workbench/workbench.desktop.main.js:1025:316)
    at X.<anonymous> (file:///usr/share/code/resources/app/out/vs/workbench/workbench.desktop.main.js:1025:163)
    at Generator.next (<anonymous>)
    at file:///usr/share/code/resources/app/out/vs/workbench/workbench.desktop.main.js:35:566
    at new Promise (<anonymous>)
    at n (file:///usr/share/code/resources/app/out/vs/workbench/workbench.desktop.main.js:35:343)
    at X.refreshNode (file:///usr/share/code/resources/app/out/vs/workbench/workbench.desktop.main.js:1024:971)
    at X.<anonymous> (file:///usr/share/code/resources/app/out/vs/workbench/workbench.desktop.main.js:1024:731)
    at Generator.next (<anonymous>)
    at file:///usr/share/code/resources/app/out/vs/workbench/workbench.desktop.main.js:35:566
    at new Promise (<anonymous>)
    at n (file:///usr/share/code/resources/app/out/vs/workbench/workbench.desktop.main.js:35:343)
    at X.refreshAndRenderNode (file:///usr/share/code/resources/app/out/vs/workbench/workbench.desktop.main.js:1024:684)
    at X.<anonymous> (file:///usr/share/code/resources/app/out/vs/workbench/workbench.desktop.main.js:1022:62)
    at Generator.next (<anonymous>)
    at file:///usr/share/code/resources/app/out/vs/workbench/workbench.desktop.main.js:35:566
    at new Promise (<anonymous>)
    at n (file:///usr/share/code/resources/app/out/vs/workbench/workbench.desktop.main.js:35:343)
    at X.updateChildren (file:///usr/share/code/resources/app/out/vs/workbench/workbench.desktop.main.js:1021:821)
    at Promise.all.Array.from.map.e (file:///usr/share/code/resources/app/out/vs/workbench/workbench.desktop.main.js:4891:237)
    at Array.map (<anonymous>)
    at K.<anonymous> (file:///usr/share/code/resources/app/out/vs/workbench/workbench.desktop.main.js:4891:228)
    at Generator.next (<anonymous>)
    at file:///usr/share/code/resources/app/out/vs/workbench/workbench.desktop.main.js:35:566
    at new Promise (<anonymous>)
    at n (file:///usr/share/code/resources/app/out/vs/workbench/workbench.desktop.main.js:35:343)
    at K.doRefresh (file:///usr/share/code/resources/app/out/vs/workbench/workbench.desktop.main.js:4891:8)
    at K._register.themeService.onThemeChange (file:///usr/share/code/resources/app/out/vs/workbench/workbench.desktop.main.js:4883:747)
    at d.fire (file:///usr/share/code/resources/app/out/vs/workbench/workbench.desktop.main.js:107:468)
    at V.applyTheme (file:///usr/share/code/resources/app/out/vs/workbench/workbench.desktop.main.js:4620:610)
    at s.ensureLoaded.then.i (file:///usr/share/code/resources/app/out/vs/workbench/workbench.desktop.main.js:4619:90)
[2019-10-20 00:29:09.701] [renderer1] [error] Bad progress location: workbench.view.extension.gitlens: Error: Bad progress location: workbench.view.extension.gitlens
    at Proxy.withProgress (file:///usr/share/code/resources/app/out/vs/workbench/workbench.desktop.main.js:5216:256)
    at $.t.instantiationService.createInstance.e [as withProgress] (file:///usr/share/code/resources/app/out/vs/workbench/workbench.desktop.main.js:4886:700)
    at $.getChildren (file:///usr/share/code/resources/app/out/vs/workbench/workbench.desktop.main.js:4892:195)
    at X.<anonymous> (file:///usr/share/code/resources/app/out/vs/workbench/workbench.desktop.main.js:1026:201)
    at Generator.next (<anonymous>)
    at file:///usr/share/code/resources/app/out/vs/workbench/workbench.desktop.main.js:35:566
    at new Promise (<anonymous>)
    at n (file:///usr/share/code/resources/app/out/vs/workbench/workbench.desktop.main.js:35:343)
    at a.createCancelablePromise (file:///usr/share/code/resources/app/out/vs/workbench/workbench.desktop.main.js:1026:138)
    at Object.l [as createCancelablePromise] (file:///usr/share/code/resources/app/out/vs/workbench/workbench.desktop.main.js:128:804)
    at X.doGetChildren (file:///usr/share/code/resources/app/out/vs/workbench/workbench.desktop.main.js:1026:110)
    at X.<anonymous> (file:///usr/share/code/resources/app/out/vs/workbench/workbench.desktop.main.js:1025:740)
    at Generator.next (<anonymous>)
    at file:///usr/share/code/resources/app/out/vs/workbench/workbench.desktop.main.js:35:566
    at new Promise (<anonymous>)
    at n (file:///usr/share/code/resources/app/out/vs/workbench/workbench.desktop.main.js:35:343)
    at X.doRefreshNode (file:///usr/share/code/resources/app/out/vs/workbench/workbench.desktop.main.js:1025:527)
    at X.<anonymous> (file:///usr/share/code/resources/app/out/vs/workbench/workbench.desktop.main.js:1025:385)
    at Generator.next (<anonymous>)
    at file:///usr/share/code/resources/app/out/vs/workbench/workbench.desktop.main.js:35:566
    at new Promise (<anonymous>)
    at n (file:///usr/share/code/resources/app/out/vs/workbench/workbench.desktop.main.js:35:343)
    at X.doRefreshSubTree (file:///usr/share/code/resources/app/out/vs/workbench/workbench.desktop.main.js:1025:316)
    at X.<anonymous> (file:///usr/share/code/resources/app/out/vs/workbench/workbench.desktop.main.js:1025:163)
    at Generator.next (<anonymous>)
    at file:///usr/share/code/resources/app/out/vs/workbench/workbench.desktop.main.js:35:566
    at new Promise (<anonymous>)
    at n (file:///usr/share/code/resources/app/out/vs/workbench/workbench.desktop.main.js:35:343)
    at X.refreshNode (file:///usr/share/code/resources/app/out/vs/workbench/workbench.desktop.main.js:1024:971)
    at X.<anonymous> (file:///usr/share/code/resources/app/out/vs/workbench/workbench.desktop.main.js:1024:731)
    at Generator.next (<anonymous>)
    at file:///usr/share/code/resources/app/out/vs/workbench/workbench.desktop.main.js:35:566
    at new Promise (<anonymous>)
    at n (file:///usr/share/code/resources/app/out/vs/workbench/workbench.desktop.main.js:35:343)
    at X.refreshAndRenderNode (file:///usr/share/code/resources/app/out/vs/workbench/workbench.desktop.main.js:1024:684)
    at X.<anonymous> (file:///usr/share/code/resources/app/out/vs/workbench/workbench.desktop.main.js:1022:62)
    at Generator.next (<anonymous>)
    at file:///usr/share/code/resources/app/out/vs/workbench/workbench.desktop.main.js:35:566
    at new Promise (<anonymous>)
    at n (file:///usr/share/code/resources/app/out/vs/workbench/workbench.desktop.main.js:35:343)
    at X.updateChildren (file:///usr/share/code/resources/app/out/vs/workbench/workbench.desktop.main.js:1021:821)
    at Promise.all.Array.from.map.e (file:///usr/share/code/resources/app/out/vs/workbench/workbench.desktop.main.js:4891:237)
    at Array.map (<anonymous>)
    at K.<anonymous> (file:///usr/share/code/resources/app/out/vs/workbench/workbench.desktop.main.js:4891:228)
    at Generator.next (<anonymous>)
    at file:///usr/share/code/resources/app/out/vs/workbench/workbench.desktop.main.js:35:566
    at new Promise (<anonymous>)
    at n (file:///usr/share/code/resources/app/out/vs/workbench/workbench.desktop.main.js:35:343)
    at K.doRefresh (file:///usr/share/code/resources/app/out/vs/workbench/workbench.desktop.main.js:4891:8)
    at K._register.themeService.onThemeChange (file:///usr/share/code/resources/app/out/vs/workbench/workbench.desktop.main.js:4883:747)
    at d.fire (file:///usr/share/code/resources/app/out/vs/workbench/workbench.desktop.main.js:107:468)
    at V.applyTheme (file:///usr/share/code/resources/app/out/vs/workbench/workbench.desktop.main.js:4620:610)
    at s.ensureLoaded.then.i (file:///usr/share/code/resources/app/out/vs/workbench/workbench.desktop.main.js:4619:90)
[2019-10-20 00:29:09.703] [renderer1] [error] Bad progress location: workbench.view.extension.wallaby: Error: Bad progress location: workbench.view.extension.wallaby
    at Proxy.withProgress (file:///usr/share/code/resources/app/out/vs/workbench/workbench.desktop.main.js:5216:256)
    at $.t.instantiationService.createInstance.e [as withProgress] (file:///usr/share/code/resources/app/out/vs/workbench/workbench.desktop.main.js:4886:700)
    at $.getChildren (file:///usr/share/code/resources/app/out/vs/workbench/workbench.desktop.main.js:4892:195)
    at X.<anonymous> (file:///usr/share/code/resources/app/out/vs/workbench/workbench.desktop.main.js:1026:201)
    at Generator.next (<anonymous>)
    at file:///usr/share/code/resources/app/out/vs/workbench/workbench.desktop.main.js:35:566
    at new Promise (<anonymous>)
    at n (file:///usr/share/code/resources/app/out/vs/workbench/workbench.desktop.main.js:35:343)
    at a.createCancelablePromise (file:///usr/share/code/resources/app/out/vs/workbench/workbench.desktop.main.js:1026:138)
    at Object.l [as createCancelablePromise] (file:///usr/share/code/resources/app/out/vs/workbench/workbench.desktop.main.js:128:804)
    at X.doGetChildren (file:///usr/share/code/resources/app/out/vs/workbench/workbench.desktop.main.js:1026:110)
    at X.<anonymous> (file:///usr/share/code/resources/app/out/vs/workbench/workbench.desktop.main.js:1025:740)
    at Generator.next (<anonymous>)
    at file:///usr/share/code/resources/app/out/vs/workbench/workbench.desktop.main.js:35:566
    at new Promise (<anonymous>)
    at n (file:///usr/share/code/resources/app/out/vs/workbench/workbench.desktop.main.js:35:343)
    at X.doRefreshNode (file:///usr/share/code/resources/app/out/vs/workbench/workbench.desktop.main.js:1025:527)
    at X.<anonymous> (file:///usr/share/code/resources/app/out/vs/workbench/workbench.desktop.main.js:1025:385)
    at Generator.next (<anonymous>)
    at file:///usr/share/code/resources/app/out/vs/workbench/workbench.desktop.main.js:35:566
    at new Promise (<anonymous>)
    at n (file:///usr/share/code/resources/app/out/vs/workbench/workbench.desktop.main.js:35:343)
    at X.doRefreshSubTree (file:///usr/share/code/resources/app/out/vs/workbench/workbench.desktop.main.js:1025:316)
    at X.<anonymous> (file:///usr/share/code/resources/app/out/vs/workbench/workbench.desktop.main.js:1025:163)
    at Generator.next (<anonymous>)
    at file:///usr/share/code/resources/app/out/vs/workbench/workbench.desktop.main.js:35:566
    at new Promise (<anonymous>)
    at n (file:///usr/share/code/resources/app/out/vs/workbench/workbench.desktop.main.js:35:343)
    at X.refreshNode (file:///usr/share/code/resources/app/out/vs/workbench/workbench.desktop.main.js:1024:971)
    at X.<anonymous> (file:///usr/share/code/resources/app/out/vs/workbench/workbench.desktop.main.js:1024:731)
    at Generator.next (<anonymous>)
    at file:///usr/share/code/resources/app/out/vs/workbench/workbench.desktop.main.js:35:566
    at new Promise (<anonymous>)
    at n (file:///usr/share/code/resources/app/out/vs/workbench/workbench.desktop.main.js:35:343)
    at X.refreshAndRenderNode (file:///usr/share/code/resources/app/out/vs/workbench/workbench.desktop.main.js:1024:684)
    at X.<anonymous> (file:///usr/share/code/resources/app/out/vs/workbench/workbench.desktop.main.js:1022:62)
    at Generator.next (<anonymous>)
    at file:///usr/share/code/resources/app/out/vs/workbench/workbench.desktop.main.js:35:566
    at new Promise (<anonymous>)
    at n (file:///usr/share/code/resources/app/out/vs/workbench/workbench.desktop.main.js:35:343)
    at X.updateChildren (file:///usr/share/code/resources/app/out/vs/workbench/workbench.desktop.main.js:1021:821)
    at Promise.all.Array.from.map.e (file:///usr/share/code/resources/app/out/vs/workbench/workbench.desktop.main.js:4891:237)
    at Array.map (<anonymous>)
    at K.<anonymous> (file:///usr/share/code/resources/app/out/vs/workbench/workbench.desktop.main.js:4891:228)
    at Generator.next (<anonymous>)
    at file:///usr/share/code/resources/app/out/vs/workbench/workbench.desktop.main.js:35:566
    at new Promise (<anonymous>)
    at n (file:///usr/share/code/resources/app/out/vs/workbench/workbench.desktop.main.js:35:343)
    at K.doRefresh (file:///usr/share/code/resources/app/out/vs/workbench/workbench.desktop.main.js:4891:8)
    at K._register.themeService.onThemeChange (file:///usr/share/code/resources/app/out/vs/workbench/workbench.desktop.main.js:4883:747)
    at d.fire (file:///usr/share/code/resources/app/out/vs/workbench/workbench.desktop.main.js:107:468)
    at V.applyTheme (file:///usr/share/code/resources/app/out/vs/workbench/workbench.desktop.main.js:4620:610)
    at s.ensureLoaded.then.i (file:///usr/share/code/resources/app/out/vs/workbench/workbench.desktop.main.js:4619:90)
[2019-10-20 00:39:53.144] [renderer1] [error] name must not be falsy: Error: name must not be falsy
	at Function.validate (/usr/share/code/resources/app/out/vs/workbench/services/extensions/node/extensionHostProcess.js:361:366)
	at new b (/usr/share/code/resources/app/out/vs/workbench/services/extensions/node/extensionHostProcess.js:361:315)
	at new b (/usr/share/code/resources/app/out/vs/workbench/services/extensions/node/extensionHostProcess.js:350:44)
	at asSymbolInformation (/home/tushar/.vscode/extensions/octref.vetur-0.22.4/node_modules/vscode-languageclient/lib/protocolConverter.js:411:22)
	at values.map.information (/home/tushar/.vscode/extensions/octref.vetur-0.22.4/node_modules/vscode-languageclient/lib/protocolConverter.js:400:42)
	at Array.map (<anonymous>)
	at Object.asSymbolInformations (/home/tushar/.vscode/extensions/octref.vetur-0.22.4/node_modules/vscode-languageclient/lib/protocolConverter.js:400:23)
	at registerLanguageProvider.client.sendRequest.then (/home/tushar/.vscode/extensions/octref.vetur-0.22.4/node_modules/vscode-languageclient/lib/client.js:1005:62)
[2019-10-20 00:42:14.080] [renderer1] [error] name must not be falsy: Error: name must not be falsy
	at Function.validate (/usr/share/code/resources/app/out/vs/workbench/services/extensions/node/extensionHostProcess.js:361:366)
	at new b (/usr/share/code/resources/app/out/vs/workbench/services/extensions/node/extensionHostProcess.js:361:315)
	at new b (/usr/share/code/resources/app/out/vs/workbench/services/extensions/node/extensionHostProcess.js:350:44)
	at asSymbolInformation (/home/tushar/.vscode/extensions/octref.vetur-0.22.4/node_modules/vscode-languageclient/lib/protocolConverter.js:411:22)
	at values.map.information (/home/tushar/.vscode/extensions/octref.vetur-0.22.4/node_modules/vscode-languageclient/lib/protocolConverter.js:400:42)
	at Array.map (<anonymous>)
	at Object.asSymbolInformations (/home/tushar/.vscode/extensions/octref.vetur-0.22.4/node_modules/vscode-languageclient/lib/protocolConverter.js:400:23)
	at registerLanguageProvider.client.sendRequest.then (/home/tushar/.vscode/extensions/octref.vetur-0.22.4/node_modules/vscode-languageclient/lib/client.js:1005:62)
[2019-10-20 23:47:16.525] [renderer1] [error] name must not be falsy: Error: name must not be falsy
	at Function.validate (/usr/share/code/resources/app/out/vs/workbench/services/extensions/node/extensionHostProcess.js:361:366)
	at new b (/usr/share/code/resources/app/out/vs/workbench/services/extensions/node/extensionHostProcess.js:361:315)
	at new b (/usr/share/code/resources/app/out/vs/workbench/services/extensions/node/extensionHostProcess.js:350:44)
	at asSymbolInformation (/home/tushar/.vscode/extensions/octref.vetur-0.22.4/node_modules/vscode-languageclient/lib/protocolConverter.js:411:22)
	at values.map.information (/home/tushar/.vscode/extensions/octref.vetur-0.22.4/node_modules/vscode-languageclient/lib/protocolConverter.js:400:42)
	at Array.map (<anonymous>)
	at Object.asSymbolInformations (/home/tushar/.vscode/extensions/octref.vetur-0.22.4/node_modules/vscode-languageclient/lib/protocolConverter.js:400:23)
	at registerLanguageProvider.client.sendRequest.then (/home/tushar/.vscode/extensions/octref.vetur-0.22.4/node_modules/vscode-languageclient/lib/client.js:1005:62)
[2019-10-21 00:35:46.165] [renderer1] [error] name must not be falsy: Error: name must not be falsy
	at Function.validate (/usr/share/code/resources/app/out/vs/workbench/services/extensions/node/extensionHostProcess.js:361:366)
	at new b (/usr/share/code/resources/app/out/vs/workbench/services/extensions/node/extensionHostProcess.js:361:315)
	at new b (/usr/share/code/resources/app/out/vs/workbench/services/extensions/node/extensionHostProcess.js:350:44)
	at asSymbolInformation (/home/tushar/.vscode/extensions/octref.vetur-0.22.4/node_modules/vscode-languageclient/lib/protocolConverter.js:411:22)
	at values.map.information (/home/tushar/.vscode/extensions/octref.vetur-0.22.4/node_modules/vscode-languageclient/lib/protocolConverter.js:400:42)
	at Array.map (<anonymous>)
	at Object.asSymbolInformations (/home/tushar/.vscode/extensions/octref.vetur-0.22.4/node_modules/vscode-languageclient/lib/protocolConverter.js:400:23)
	at registerLanguageProvider.client.sendRequest.then (/home/tushar/.vscode/extensions/octref.vetur-0.22.4/node_modules/vscode-languageclient/lib/client.js:1005:62)
[2019-10-21 00:35:50.384] [renderer1] [error] name must not be falsy: Error: name must not be falsy
	at Function.validate (/usr/share/code/resources/app/out/vs/workbench/services/extensions/node/extensionHostProcess.js:361:366)
	at new b (/usr/share/code/resources/app/out/vs/workbench/services/extensions/node/extensionHostProcess.js:361:315)
	at new b (/usr/share/code/resources/app/out/vs/workbench/services/extensions/node/extensionHostProcess.js:350:44)
	at asSymbolInformation (/home/tushar/.vscode/extensions/octref.vetur-0.22.4/node_modules/vscode-languageclient/lib/protocolConverter.js:411:22)
	at values.map.information (/home/tushar/.vscode/extensions/octref.vetur-0.22.4/node_modules/vscode-languageclient/lib/protocolConverter.js:400:42)
	at Array.map (<anonymous>)
	at Object.asSymbolInformations (/home/tushar/.vscode/extensions/octref.vetur-0.22.4/node_modules/vscode-languageclient/lib/protocolConverter.js:400:23)
	at registerLanguageProvider.client.sendRequest.then (/home/tushar/.vscode/extensions/octref.vetur-0.22.4/node_modules/vscode-languageclient/lib/client.js:1005:62)
[2019-10-21 00:38:52.641] [renderer1] [error] name must not be falsy: Error: name must not be falsy
	at Function.validate (/usr/share/code/resources/app/out/vs/workbench/services/extensions/node/extensionHostProcess.js:361:366)
	at new b (/usr/share/code/resources/app/out/vs/workbench/services/extensions/node/extensionHostProcess.js:361:315)
	at new b (/usr/share/code/resources/app/out/vs/workbench/services/extensions/node/extensionHostProcess.js:350:44)
	at asSymbolInformation (/home/tushar/.vscode/extensions/octref.vetur-0.22.4/node_modules/vscode-languageclient/lib/protocolConverter.js:411:22)
	at values.map.information (/home/tushar/.vscode/extensions/octref.vetur-0.22.4/node_modules/vscode-languageclient/lib/protocolConverter.js:400:42)
	at Array.map (<anonymous>)
	at Object.asSymbolInformations (/home/tushar/.vscode/extensions/octref.vetur-0.22.4/node_modules/vscode-languageclient/lib/protocolConverter.js:400:23)
	at registerLanguageProvider.client.sendRequest.then (/home/tushar/.vscode/extensions/octref.vetur-0.22.4/node_modules/vscode-languageclient/lib/client.js:1005:62)
