[2019-09-24 23:49:17.508] [exthost] [info] extension host started
[2019-09-24 23:49:17.532] [exthost] [info] ExtensionService#_doActivateExtension vscode.debug-auto-launch {"startup":true,"activationEvent":"*"}
[2019-09-24 23:49:17.532] [exthost] [info] ExtensionService#loadCommonJSModule /usr/share/code/resources/app/extensions/debug-auto-launch/dist/extension
[2019-09-24 23:49:17.535] [exthost] [info] ExtensionService#_doActivateExtension vscode.emmet {"startup":true,"activationEvent":"*"}
[2019-09-24 23:49:17.535] [exthost] [info] ExtensionService#loadCommonJSModule /usr/share/code/resources/app/extensions/emmet/dist/extension
[2019-09-24 23:49:17.553] [exthost] [info] ExtensionService#_doActivateExtension vscode.git {"startup":true,"activationEvent":"*"}
[2019-09-24 23:49:17.553] [exthost] [info] ExtensionService#loadCommonJSModule /usr/share/code/resources/app/extensions/git/dist/main
[2019-09-24 23:49:17.636] [exthost] [info] ExtensionService#_doActivateExtension vscode.merge-conflict {"startup":true,"activationEvent":"*"}
[2019-09-24 23:49:17.636] [exthost] [info] ExtensionService#loadCommonJSModule /usr/share/code/resources/app/extensions/merge-conflict/dist/extension
[2019-09-24 23:49:17.642] [exthost] [info] ExtensionService#_doActivateExtension alefragnani.project-manager {"startup":true,"activationEvent":"*"}
[2019-09-24 23:49:17.642] [exthost] [info] ExtensionService#loadCommonJSModule /home/tushar/.vscode/extensions/alefragnani.project-manager-10.6.0/dist/extension
[2019-09-24 23:49:17.652] [exthost] [info] ExtensionService#_doActivateExtension christian-kohler.path-intellisense {"startup":true,"activationEvent":"*"}
[2019-09-24 23:49:17.652] [exthost] [info] ExtensionService#loadCommonJSModule /home/tushar/.vscode/extensions/christian-kohler.path-intellisense-1.4.2/out/src/extension
[2019-09-24 23:49:17.661] [exthost] [info] ExtensionService#_doActivateExtension CoenraadS.bracket-pair-colorizer {"startup":true,"activationEvent":"*"}
[2019-09-24 23:49:17.661] [exthost] [info] ExtensionService#loadCommonJSModule /home/tushar/.vscode/extensions/coenraads.bracket-pair-colorizer-1.0.61/out/src/extension
[2019-09-24 23:49:17.675] [exthost] [info] ExtensionService#_doActivateExtension dbaeumer.vscode-eslint {"startup":true,"activationEvent":"*"}
[2019-09-24 23:49:17.675] [exthost] [info] ExtensionService#loadCommonJSModule /home/tushar/.vscode/extensions/dbaeumer.vscode-eslint-1.9.1/client/out/extension
[2019-09-24 23:49:17.708] [exthost] [info] ExtensionService#_doActivateExtension eamodio.gitlens {"startup":true,"activationEvent":"*"}
[2019-09-24 23:49:17.708] [exthost] [info] ExtensionService#loadCommonJSModule /home/tushar/.vscode/extensions/eamodio.gitlens-9.9.3/dist/extension
[2019-09-24 23:49:17.847] [exthost] [info] ExtensionService#_doActivateExtension esbenp.prettier-vscode {"startup":true,"activationEvent":"*"}
[2019-09-24 23:49:17.847] [exthost] [info] ExtensionService#loadCommonJSModule /home/tushar/.vscode/extensions/esbenp.prettier-vscode-2.2.2/out/extension
[2019-09-24 23:49:18.076] [exthost] [info] ExtensionService#_doActivateExtension formulahendry.auto-rename-tag {"startup":true,"activationEvent":"*"}
[2019-09-24 23:49:18.076] [exthost] [info] ExtensionService#loadCommonJSModule /home/tushar/.vscode/extensions/formulahendry.auto-rename-tag-0.1.0/out/src/extension
[2019-09-24 23:49:18.079] [exthost] [info] ExtensionService#_doActivateExtension WallabyJs.quokka-vscode {"startup":true,"activationEvent":"*"}
[2019-09-24 23:49:18.079] [exthost] [info] ExtensionService#loadCommonJSModule /home/tushar/.vscode/extensions/wallabyjs.quokka-vscode-1.0.251/index
[2019-09-24 23:49:18.080] [exthost] [info] eager extensions activated
[2019-09-24 23:49:18.669] [exthost] [info] ExtensionService#_doActivateExtension vscode.html-language-features {"startup":false,"activationEvent":"onLanguage:html"}
[2019-09-24 23:49:18.669] [exthost] [info] ExtensionService#loadCommonJSModule /usr/share/code/resources/app/extensions/html-language-features/client/dist/htmlMain
[2019-09-24 23:49:40.911] [exthost] [info] extension host started
[2019-09-24 23:49:40.920] [exthost] [info] ExtensionService#_doActivateExtension vscode.debug-auto-launch {"startup":true,"activationEvent":"*"}
[2019-09-24 23:49:40.920] [exthost] [info] ExtensionService#loadCommonJSModule /usr/share/code/resources/app/extensions/debug-auto-launch/dist/extension
[2019-09-24 23:49:40.923] [exthost] [info] ExtensionService#_doActivateExtension vscode.emmet {"startup":true,"activationEvent":"*"}
[2019-09-24 23:49:40.923] [exthost] [info] ExtensionService#loadCommonJSModule /usr/share/code/resources/app/extensions/emmet/dist/extension
[2019-09-24 23:49:40.937] [exthost] [info] ExtensionService#_doActivateExtension vscode.git {"startup":true,"activationEvent":"*"}
[2019-09-24 23:49:40.937] [exthost] [info] ExtensionService#loadCommonJSModule /usr/share/code/resources/app/extensions/git/dist/main
[2019-09-24 23:49:41.036] [exthost] [info] ExtensionService#_doActivateExtension vscode.merge-conflict {"startup":true,"activationEvent":"*"}
[2019-09-24 23:49:41.036] [exthost] [info] ExtensionService#loadCommonJSModule /usr/share/code/resources/app/extensions/merge-conflict/dist/extension
[2019-09-24 23:49:41.046] [exthost] [info] ExtensionService#_doActivateExtension alefragnani.project-manager {"startup":true,"activationEvent":"*"}
[2019-09-24 23:49:41.046] [exthost] [info] ExtensionService#loadCommonJSModule /home/tushar/.vscode/extensions/alefragnani.project-manager-10.6.0/dist/extension
[2019-09-24 23:49:41.055] [exthost] [info] ExtensionService#_doActivateExtension christian-kohler.path-intellisense {"startup":true,"activationEvent":"*"}
[2019-09-24 23:49:41.055] [exthost] [info] ExtensionService#loadCommonJSModule /home/tushar/.vscode/extensions/christian-kohler.path-intellisense-1.4.2/out/src/extension
[2019-09-24 23:49:41.065] [exthost] [info] ExtensionService#_doActivateExtension CoenraadS.bracket-pair-colorizer {"startup":true,"activationEvent":"*"}
[2019-09-24 23:49:41.065] [exthost] [info] ExtensionService#loadCommonJSModule /home/tushar/.vscode/extensions/coenraads.bracket-pair-colorizer-1.0.61/out/src/extension
[2019-09-24 23:49:41.083] [exthost] [info] ExtensionService#_doActivateExtension dbaeumer.vscode-eslint {"startup":true,"activationEvent":"*"}
[2019-09-24 23:49:41.083] [exthost] [info] ExtensionService#loadCommonJSModule /home/tushar/.vscode/extensions/dbaeumer.vscode-eslint-1.9.1/client/out/extension
[2019-09-24 23:49:41.129] [exthost] [info] ExtensionService#_doActivateExtension eamodio.gitlens {"startup":true,"activationEvent":"*"}
[2019-09-24 23:49:41.130] [exthost] [info] ExtensionService#loadCommonJSModule /home/tushar/.vscode/extensions/eamodio.gitlens-9.9.3/dist/extension
[2019-09-24 23:49:41.290] [exthost] [info] ExtensionService#_doActivateExtension esbenp.prettier-vscode {"startup":true,"activationEvent":"*"}
[2019-09-24 23:49:41.291] [exthost] [info] ExtensionService#loadCommonJSModule /home/tushar/.vscode/extensions/esbenp.prettier-vscode-2.2.2/out/extension
[2019-09-24 23:49:41.485] [exthost] [info] ExtensionService#_doActivateExtension formulahendry.auto-rename-tag {"startup":true,"activationEvent":"*"}
[2019-09-24 23:49:41.485] [exthost] [info] ExtensionService#loadCommonJSModule /home/tushar/.vscode/extensions/formulahendry.auto-rename-tag-0.1.0/out/src/extension
[2019-09-24 23:49:41.487] [exthost] [info] ExtensionService#_doActivateExtension WallabyJs.quokka-vscode {"startup":true,"activationEvent":"*"}
[2019-09-24 23:49:41.487] [exthost] [info] ExtensionService#loadCommonJSModule /home/tushar/.vscode/extensions/wallabyjs.quokka-vscode-1.0.251/index
[2019-09-24 23:49:41.489] [exthost] [info] eager extensions activated
[2019-09-25 00:21:06.615] [exthost] [info] ExtensionService#_doActivateExtension octref.vetur {"startup":false,"activationEvent":"onLanguage:vue"}
[2019-09-25 00:21:06.615] [exthost] [info] ExtensionService#loadCommonJSModule /home/tushar/.vscode/extensions/octref.vetur-0.22.3/dist/client/vueMain
[2019-09-25 00:21:07.332] [exthost] [info] ExtensionService#_doActivateExtension prograhammer.tslint-vue {"startup":false,"activationEvent":"onLanguage:vue"}
[2019-09-25 00:21:07.332] [exthost] [info] ExtensionService#loadCommonJSModule /home/tushar/.vscode/extensions/prograhammer.tslint-vue-1.5.6/out/extension
[2019-09-25 00:28:21.291] [exthost] [info] ExtensionService#_doActivateExtension vscode.typescript-language-features {"startup":false,"activationEvent":"onLanguage:javascript"}
[2019-09-25 00:28:21.291] [exthost] [info] ExtensionService#loadCommonJSModule /usr/share/code/resources/app/extensions/typescript-language-features/dist/extension
[2019-09-25 00:28:21.433] [exthost] [info] ExtensionService#_doActivateExtension mgmcdermott.vscode-language-babel {"startup":false,"activationEvent":"onLanguage:javascript"}
[2019-09-25 00:28:21.433] [exthost] [info] ExtensionService#loadCommonJSModule /home/tushar/.vscode/extensions/mgmcdermott.vscode-language-babel-0.0.24/dist/extension
[2019-09-25 00:28:38.913] [exthost] [info] ExtensionService#_doActivateExtension vscode.extension-editing {"startup":false,"activationEvent":"onLanguage:typescript"}
[2019-09-25 00:28:38.913] [exthost] [info] ExtensionService#loadCommonJSModule /usr/share/code/resources/app/extensions/extension-editing/dist/extension
[2019-09-25 00:30:00.616] [exthost] [info] ExtensionService#_doActivateExtension vscode.configuration-editing {"startup":false,"activationEvent":"onLanguage:json"}
[2019-09-25 00:30:00.616] [exthost] [info] ExtensionService#loadCommonJSModule /usr/share/code/resources/app/extensions/configuration-editing/dist/extension
[2019-09-25 00:30:00.626] [exthost] [info] ExtensionService#_doActivateExtension vscode.json-language-features {"startup":false,"activationEvent":"onLanguage:json"}
[2019-09-25 00:30:00.626] [exthost] [info] ExtensionService#loadCommonJSModule /usr/share/code/resources/app/extensions/json-language-features/client/dist/jsonMain
[2019-09-25 00:30:00.741] [exthost] [info] ExtensionService#_doActivateExtension vscode.npm {"startup":false,"activationEvent":"onLanguage:json"}
[2019-09-25 00:30:00.741] [exthost] [info] ExtensionService#loadCommonJSModule /usr/share/code/resources/app/extensions/npm/dist/main
[2019-09-25 01:20:42.106] [exthost] [info] ExtensionService#_doActivateExtension vscode.css-language-features {"startup":false,"activationEvent":"onLanguage:scss"}
[2019-09-25 01:20:42.106] [exthost] [info] ExtensionService#loadCommonJSModule /usr/share/code/resources/app/extensions/css-language-features/client/dist/cssMain
[2019-09-25 02:03:56.867] [exthost] [info] ExtensionService#_doActivateExtension vscode.html-language-features {"startup":false,"activationEvent":"onLanguage:html"}
[2019-09-25 02:03:56.867] [exthost] [info] ExtensionService#loadCommonJSModule /usr/share/code/resources/app/extensions/html-language-features/client/dist/htmlMain
