[Info  - 12:33:01 AM] Linter is running.
[Info  - 12:33:01 AM] 
Failed to load the TSLint library for the document /home/tushar/Documents/Vue/my-resume/src/components/Blog.vue

To use TSLint in this workspace please install tslint using 'npm install tslint' or globally using 'npm install -g tslint'.
TSLint has a peer dependency on `typescript`, make sure that `typescript` is installed as well.
You need to reopen the workspace after installing tslint.
[Info  - 11:44:38 PM] 
Failed to load the TSLint library for the document /home/tushar/Documents/Vue/my-resume/src/components/Blog-item.vue

To use TSLint in this workspace please install tslint using 'npm install tslint' or globally using 'npm install -g tslint'.
TSLint has a peer dependency on `typescript`, make sure that `typescript` is installed as well.
You need to reopen the workspace after installing tslint.
[Info  - 11:45:54 PM] 
Failed to load the TSLint library for the document /home/tushar/Documents/Vue/my-resume/src/components/Contact.vue

To use TSLint in this workspace please install tslint using 'npm install tslint' or globally using 'npm install -g tslint'.
TSLint has a peer dependency on `typescript`, make sure that `typescript` is installed as well.
You need to reopen the workspace after installing tslint.
[Info  - 11:46:09 PM] 
Failed to load the TSLint library for the document /home/tushar/Documents/Vue/my-resume/src/App.vue

To use TSLint in this workspace please install tslint using 'npm install tslint' or globally using 'npm install -g tslint'.
TSLint has a peer dependency on `typescript`, make sure that `typescript` is installed as well.
You need to reopen the workspace after installing tslint.
[Info  - 11:46:14 PM] 
Failed to load the TSLint library for the document /home/tushar/Documents/Vue/my-resume/node_modules/vue/types/options.d.ts

To use TSLint in this workspace please install tslint using 'npm install tslint' or globally using 'npm install -g tslint'.
TSLint has a peer dependency on `typescript`, make sure that `typescript` is installed as well.
You need to reopen the workspace after installing tslint.
[Info  - 11:46:21 PM] 
Failed to load the TSLint library for the document /home/tushar/Documents/Vue/my-resume/node_modules/vue/types/options.d.ts

To use TSLint in this workspace please install tslint using 'npm install tslint' or globally using 'npm install -g tslint'.
TSLint has a peer dependency on `typescript`, make sure that `typescript` is installed as well.
You need to reopen the workspace after installing tslint.
[Info  - 12:33:26 AM] 
Failed to load the TSLint library for the document /home/tushar/Documents/Vue/my-resume/src/components/Profile-card.vue

To use TSLint in this workspace please install tslint using 'npm install tslint' or globally using 'npm install -g tslint'.
TSLint has a peer dependency on `typescript`, make sure that `typescript` is installed as well.
You need to reopen the workspace after installing tslint.
